[10-19 16:15:02]: [INFO] Created column 'regdate' and set the current timestamp, 1729347302272, to all 0 rows
[10-19 16:15:02]: [INFO] SQLite Setup finished
[10-19 16:15:02]: [INFO] Hooked into LuckPerms!
[10-19 16:15:02]: [INFO] Hooked successfully into Multiverse-Core
[10-19 16:15:02]: [WARN] WARNING! The protectInventory feature requires ProtocolLib! Disabling it...
[10-19 16:15:03]: [INFO] AuthMe 5.6.0 build n.CUSTOM successfully enabled!
[10-19 16:15:48]: [INFO] AuthMe 5.6.0-bCUSTOM disabled!
[10-19 18:04:45]: [INFO] SQLite Setup finished
[10-19 18:04:45]: [INFO] Hooked into LuckPerms!
[10-19 18:04:45]: [INFO] Hooked successfully into Multiverse-Core
[10-19 18:04:45]: [WARN] WARNING! The protectInventory feature requires ProtocolLib! Disabling it...
[10-19 18:04:46]: [INFO] AuthMe 5.6.0 build n.CUSTOM successfully enabled!
[10-19 18:06:14]: [INFO] Downloading GEO IP database, because the old database is older than 30 days or doesn't exist
[10-19 18:06:14]: [WARN] No MaxMind credentials found in the configuration file! GeoIp protections will be disabled.
[10-19 18:06:14]: [INFO] There is no newer GEO IP database uploaded to MaxMind. Using the old one for now.
[10-19 18:06:14]: [WARN] Could not download GeoLiteAPI database [FileNotFoundException]: plugins/AuthMe/GeoLite2-Country.mmdb (No such file or directory)
[10-19 18:06:14]: java.io.FileNotFoundException: plugins/AuthMe/GeoLite2-Country.mmdb (No such file or directory)
	at java.base/java.io.RandomAccessFile.open0(Native Method)
	at java.base/java.io.RandomAccessFile.open(RandomAccessFile.java:344)
	at java.base/java.io.RandomAccessFile.<init>(RandomAccessFile.java:259)
	at java.base/java.io.RandomAccessFile.<init>(RandomAccessFile.java:213)
	at fr.xephi.authme.libs.com.maxmind.db.BufferHolder.<init>(BufferHolder.java:20)
	at fr.xephi.authme.libs.com.maxmind.db.Reader.<init>(Reader.java:121)
	at fr.xephi.authme.service.GeoIpService.startReading(GeoIpService.java:179)
	at fr.xephi.authme.service.GeoIpService.updateDatabase(GeoIpService.java:150)
	at TRANSFORMER/arclight@1.20.4-1.0.4-80ec5df/org.bukkit.craftbukkit.v1_20_R3.scheduler.CraftTask.run(CraftTask.java:82)
	at TRANSFORMER/arclight@1.20.4-1.0.4-80ec5df/org.bukkit.craftbukkit.v1_20_R3.scheduler.CraftAsyncTask.run(CraftAsyncTask.java:54)
	at java.base/java.util.concurrent.ThreadPoolExecutor.runWorker(ThreadPoolExecutor.java:1136)
	at java.base/java.util.concurrent.ThreadPoolExecutor$Worker.run(ThreadPoolExecutor.java:635)
	at java.base/java.lang.Thread.run(Thread.java:840)

[10-19 18:07:35]: [INFO] AuthMe 5.6.0-bCUSTOM disabled!
[10-19 18:08:25]: [INFO] SQLite Setup finished
[10-19 18:08:25]: [INFO] Hooked into LuckPerms!
[10-19 18:08:25]: [INFO] Hooked successfully into Multiverse-Core
[10-19 18:08:25]: [WARN] WARNING! The protectInventory feature requires ProtocolLib! Disabling it...
[10-19 18:08:25]: [INFO] AuthMe 5.6.0 build n.CUSTOM successfully enabled!
[10-19 18:08:40]: [INFO] Downloading GEO IP database, because the old database is older than 30 days or doesn't exist
[10-19 18:08:40]: [WARN] No MaxMind credentials found in the configuration file! GeoIp protections will be disabled.
[10-19 18:08:40]: [INFO] There is no newer GEO IP database uploaded to MaxMind. Using the old one for now.
[10-19 18:08:40]: [WARN] Could not download GeoLiteAPI database [FileNotFoundException]: plugins/AuthMe/GeoLite2-Country.mmdb (No such file or directory)
[10-19 18:08:40]: java.io.FileNotFoundException: plugins/AuthMe/GeoLite2-Country.mmdb (No such file or directory)
	at java.base/java.io.RandomAccessFile.open0(Native Method)
	at java.base/java.io.RandomAccessFile.open(RandomAccessFile.java:344)
	at java.base/java.io.RandomAccessFile.<init>(RandomAccessFile.java:259)
	at java.base/java.io.RandomAccessFile.<init>(RandomAccessFile.java:213)
	at fr.xephi.authme.libs.com.maxmind.db.BufferHolder.<init>(BufferHolder.java:20)
	at fr.xephi.authme.libs.com.maxmind.db.Reader.<init>(Reader.java:121)
	at fr.xephi.authme.service.GeoIpService.startReading(GeoIpService.java:179)
	at fr.xephi.authme.service.GeoIpService.updateDatabase(GeoIpService.java:150)
	at TRANSFORMER/arclight@1.20.4-1.0.4-80ec5df/org.bukkit.craftbukkit.v1_20_R3.scheduler.CraftTask.run(CraftTask.java:82)
	at TRANSFORMER/arclight@1.20.4-1.0.4-80ec5df/org.bukkit.craftbukkit.v1_20_R3.scheduler.CraftAsyncTask.run(CraftAsyncTask.java:54)
	at java.base/java.util.concurrent.ThreadPoolExecutor.runWorker(ThreadPoolExecutor.java:1136)
	at java.base/java.util.concurrent.ThreadPoolExecutor$Worker.run(ThreadPoolExecutor.java:635)
	at java.base/java.lang.Thread.run(Thread.java:840)

[10-19 18:09:29]: [FINE] srko_dj registered 81.51.51.115
[10-19 18:09:29]: [FINE] srko_dj logged in 81.51.51.115
[10-19 18:13:01]: [FINE] srko_dj logged in 81.51.51.115
[10-19 18:15:30]: [FINE] srko_dj logged in 81.51.51.115
[10-19 18:19:13]: [INFO] AuthMe 5.6.0-bCUSTOM disabled!
[10-19 18:22:07]: [INFO] SQLite Setup finished
[10-19 18:22:07]: [INFO] Hooked into LuckPerms!
[10-19 18:22:08]: [INFO] Hooked successfully into Multiverse-Core
[10-19 18:22:08]: [WARN] WARNING! The protectInventory feature requires ProtocolLib! Disabling it...
[10-19 18:22:08]: [INFO] AuthMe 5.6.0 build n.CUSTOM successfully enabled!
[10-19 18:22:21]: [INFO] Downloading GEO IP database, because the old database is older than 30 days or doesn't exist
[10-19 18:22:21]: [WARN] No MaxMind credentials found in the configuration file! GeoIp protections will be disabled.
[10-19 18:22:21]: [INFO] There is no newer GEO IP database uploaded to MaxMind. Using the old one for now.
[10-19 18:22:21]: [WARN] Could not download GeoLiteAPI database [FileNotFoundException]: plugins/AuthMe/GeoLite2-Country.mmdb (No such file or directory)
[10-19 18:22:21]: java.io.FileNotFoundException: plugins/AuthMe/GeoLite2-Country.mmdb (No such file or directory)
	at java.base/java.io.RandomAccessFile.open0(Native Method)
	at java.base/java.io.RandomAccessFile.open(RandomAccessFile.java:344)
	at java.base/java.io.RandomAccessFile.<init>(RandomAccessFile.java:259)
	at java.base/java.io.RandomAccessFile.<init>(RandomAccessFile.java:213)
	at fr.xephi.authme.libs.com.maxmind.db.BufferHolder.<init>(BufferHolder.java:20)
	at fr.xephi.authme.libs.com.maxmind.db.Reader.<init>(Reader.java:121)
	at fr.xephi.authme.service.GeoIpService.startReading(GeoIpService.java:179)
	at fr.xephi.authme.service.GeoIpService.updateDatabase(GeoIpService.java:150)
	at TRANSFORMER/arclight@1.20.4-1.0.4-80ec5df/org.bukkit.craftbukkit.v1_20_R3.scheduler.CraftTask.run(CraftTask.java:82)
	at TRANSFORMER/arclight@1.20.4-1.0.4-80ec5df/org.bukkit.craftbukkit.v1_20_R3.scheduler.CraftAsyncTask.run(CraftAsyncTask.java:54)
	at java.base/java.util.concurrent.ThreadPoolExecutor.runWorker(ThreadPoolExecutor.java:1136)
	at java.base/java.util.concurrent.ThreadPoolExecutor$Worker.run(ThreadPoolExecutor.java:635)
	at java.base/java.lang.Thread.run(Thread.java:840)

[10-19 18:22:55]: [FINE] srko_dj logged in 81.51.51.115
[10-19 18:29:13]: [INFO] AuthMe 5.6.0-bCUSTOM disabled!
[10-19 18:38:30]: [INFO] SQLite Setup finished
[10-19 18:38:30]: [INFO] Hooked into LuckPerms!
[10-19 18:38:30]: [INFO] Hooked successfully into Multiverse-Core
[10-19 18:38:30]: [WARN] WARNING! The protectInventory feature requires ProtocolLib! Disabling it...
[10-19 18:38:31]: [INFO] AuthMe 5.6.0 build n.CUSTOM successfully enabled!
[10-19 18:38:39]: [INFO] Downloading GEO IP database, because the old database is older than 30 days or doesn't exist
[10-19 18:38:39]: [WARN] No MaxMind credentials found in the configuration file! GeoIp protections will be disabled.
[10-19 18:38:39]: [INFO] There is no newer GEO IP database uploaded to MaxMind. Using the old one for now.
[10-19 18:38:39]: [WARN] Could not download GeoLiteAPI database [FileNotFoundException]: plugins/AuthMe/GeoLite2-Country.mmdb (No such file or directory)
[10-19 18:38:39]: java.io.FileNotFoundException: plugins/AuthMe/GeoLite2-Country.mmdb (No such file or directory)
	at java.base/java.io.RandomAccessFile.open0(Native Method)
	at java.base/java.io.RandomAccessFile.open(RandomAccessFile.java:344)
	at java.base/java.io.RandomAccessFile.<init>(RandomAccessFile.java:259)
	at java.base/java.io.RandomAccessFile.<init>(RandomAccessFile.java:213)
	at fr.xephi.authme.libs.com.maxmind.db.BufferHolder.<init>(BufferHolder.java:20)
	at fr.xephi.authme.libs.com.maxmind.db.Reader.<init>(Reader.java:121)
	at fr.xephi.authme.service.GeoIpService.startReading(GeoIpService.java:179)
	at fr.xephi.authme.service.GeoIpService.updateDatabase(GeoIpService.java:150)
	at TRANSFORMER/arclight@1.20.4-1.0.4-80ec5df/org.bukkit.craftbukkit.v1_20_R3.scheduler.CraftTask.run(CraftTask.java:82)
	at TRANSFORMER/arclight@1.20.4-1.0.4-80ec5df/org.bukkit.craftbukkit.v1_20_R3.scheduler.CraftAsyncTask.run(CraftAsyncTask.java:54)
	at java.base/java.util.concurrent.ThreadPoolExecutor.runWorker(ThreadPoolExecutor.java:1136)
	at java.base/java.util.concurrent.ThreadPoolExecutor$Worker.run(ThreadPoolExecutor.java:635)
	at java.base/java.lang.Thread.run(Thread.java:840)

[10-19 18:39:13]: [FINE] srko_dj logged in 81.51.51.115
[10-19 18:41:24]: [INFO] AuthMe 5.6.0-bCUSTOM disabled!
[10-19 18:44:48]: [INFO] SQLite Setup finished
[10-19 18:44:48]: [INFO] Hooked into LuckPerms!
[10-19 18:44:49]: [INFO] Hooked successfully into Multiverse-Core
[10-19 18:44:49]: [WARN] WARNING! The protectInventory feature requires ProtocolLib! Disabling it...
[10-19 18:44:49]: [INFO] AuthMe 5.6.0 build n.CUSTOM successfully enabled!
[10-19 18:45:00]: [INFO] Downloading GEO IP database, because the old database is older than 30 days or doesn't exist
[10-19 18:45:00]: [WARN] No MaxMind credentials found in the configuration file! GeoIp protections will be disabled.
[10-19 18:45:00]: [INFO] There is no newer GEO IP database uploaded to MaxMind. Using the old one for now.
[10-19 18:45:00]: [WARN] Could not download GeoLiteAPI database [FileNotFoundException]: plugins/AuthMe/GeoLite2-Country.mmdb (No such file or directory)
[10-19 18:45:00]: java.io.FileNotFoundException: plugins/AuthMe/GeoLite2-Country.mmdb (No such file or directory)
	at java.base/java.io.RandomAccessFile.open0(Native Method)
	at java.base/java.io.RandomAccessFile.open(RandomAccessFile.java:344)
	at java.base/java.io.RandomAccessFile.<init>(RandomAccessFile.java:259)
	at java.base/java.io.RandomAccessFile.<init>(RandomAccessFile.java:213)
	at fr.xephi.authme.libs.com.maxmind.db.BufferHolder.<init>(BufferHolder.java:20)
	at fr.xephi.authme.libs.com.maxmind.db.Reader.<init>(Reader.java:121)
	at fr.xephi.authme.service.GeoIpService.startReading(GeoIpService.java:179)
	at fr.xephi.authme.service.GeoIpService.updateDatabase(GeoIpService.java:150)
	at TRANSFORMER/arclight@1.20.4-1.0.4-80ec5df/org.bukkit.craftbukkit.v1_20_R3.scheduler.CraftTask.run(CraftTask.java:82)
	at TRANSFORMER/arclight@1.20.4-1.0.4-80ec5df/org.bukkit.craftbukkit.v1_20_R3.scheduler.CraftAsyncTask.run(CraftAsyncTask.java:54)
	at java.base/java.util.concurrent.ThreadPoolExecutor.runWorker(ThreadPoolExecutor.java:1136)
	at java.base/java.util.concurrent.ThreadPoolExecutor$Worker.run(ThreadPoolExecutor.java:635)
	at java.base/java.lang.Thread.run(Thread.java:840)

[10-19 18:45:44]: [FINE] srko_dj used the wrong password
[10-19 18:45:55]: [FINE] srko_dj logged in 81.51.51.115
[10-19 18:59:13]: [FINE] srko_dj logged in 81.51.51.115
[10-19 19:13:35]: [INFO] AuthMe 5.6.0-bCUSTOM disabled!
[10-19 19:16:03]: [INFO] SQLite Setup finished
[10-19 19:16:03]: [INFO] Hooked into LuckPerms!
[10-19 19:16:03]: [INFO] Hooked successfully into Multiverse-Core
[10-19 19:16:03]: [WARN] WARNING! The protectInventory feature requires ProtocolLib! Disabling it...
[10-19 19:16:04]: [INFO] AuthMe 5.6.0 build n.CUSTOM successfully enabled!
[10-19 19:16:12]: [INFO] Downloading GEO IP database, because the old database is older than 30 days or doesn't exist
[10-19 19:16:12]: [WARN] No MaxMind credentials found in the configuration file! GeoIp protections will be disabled.
[10-19 19:16:12]: [INFO] There is no newer GEO IP database uploaded to MaxMind. Using the old one for now.
[10-19 19:16:12]: [WARN] Could not download GeoLiteAPI database [FileNotFoundException]: plugins/AuthMe/GeoLite2-Country.mmdb (No such file or directory)
[10-19 19:16:12]: java.io.FileNotFoundException: plugins/AuthMe/GeoLite2-Country.mmdb (No such file or directory)
	at java.base/java.io.RandomAccessFile.open0(Native Method)
	at java.base/java.io.RandomAccessFile.open(RandomAccessFile.java:344)
	at java.base/java.io.RandomAccessFile.<init>(RandomAccessFile.java:259)
	at java.base/java.io.RandomAccessFile.<init>(RandomAccessFile.java:213)
	at fr.xephi.authme.libs.com.maxmind.db.BufferHolder.<init>(BufferHolder.java:20)
	at fr.xephi.authme.libs.com.maxmind.db.Reader.<init>(Reader.java:121)
	at fr.xephi.authme.service.GeoIpService.startReading(GeoIpService.java:179)
	at fr.xephi.authme.service.GeoIpService.updateDatabase(GeoIpService.java:150)
	at TRANSFORMER/arclight@1.20.4-1.0.4-80ec5df/org.bukkit.craftbukkit.v1_20_R3.scheduler.CraftTask.run(CraftTask.java:82)
	at TRANSFORMER/arclight@1.20.4-1.0.4-80ec5df/org.bukkit.craftbukkit.v1_20_R3.scheduler.CraftAsyncTask.run(CraftAsyncTask.java:54)
	at java.base/java.util.concurrent.ThreadPoolExecutor.runWorker(ThreadPoolExecutor.java:1136)
	at java.base/java.util.concurrent.ThreadPoolExecutor$Worker.run(ThreadPoolExecutor.java:635)
	at java.base/java.lang.Thread.run(Thread.java:840)

[10-19 19:17:54]: [FINE] srko_dj logged in 81.51.51.115
[10-19 19:25:00]: [FINE] srko_dj logged in 81.51.51.115
[10-19 19:27:00]: [INFO] AuthMe 5.6.0-bCUSTOM disabled!
[10-19 19:34:12]: [INFO] SQLite Setup finished
[10-19 19:34:12]: [INFO] Hooked into LuckPerms!
[10-19 19:34:12]: [INFO] Hooked successfully into Multiverse-Core
[10-19 19:34:12]: [WARN] WARNING! The protectInventory feature requires ProtocolLib! Disabling it...
[10-19 19:34:13]: [INFO] AuthMe 5.6.0 build n.CUSTOM successfully enabled!
[10-19 19:34:18]: [INFO] Downloading GEO IP database, because the old database is older than 30 days or doesn't exist
[10-19 19:34:18]: [WARN] No MaxMind credentials found in the configuration file! GeoIp protections will be disabled.
[10-19 19:34:18]: [INFO] There is no newer GEO IP database uploaded to MaxMind. Using the old one for now.
[10-19 19:34:18]: [WARN] Could not download GeoLiteAPI database [FileNotFoundException]: plugins/AuthMe/GeoLite2-Country.mmdb (No such file or directory)
[10-19 19:34:18]: java.io.FileNotFoundException: plugins/AuthMe/GeoLite2-Country.mmdb (No such file or directory)
	at java.base/java.io.RandomAccessFile.open0(Native Method)
	at java.base/java.io.RandomAccessFile.open(RandomAccessFile.java:344)
	at java.base/java.io.RandomAccessFile.<init>(RandomAccessFile.java:259)
	at java.base/java.io.RandomAccessFile.<init>(RandomAccessFile.java:213)
	at fr.xephi.authme.libs.com.maxmind.db.BufferHolder.<init>(BufferHolder.java:20)
	at fr.xephi.authme.libs.com.maxmind.db.Reader.<init>(Reader.java:121)
	at fr.xephi.authme.service.GeoIpService.startReading(GeoIpService.java:179)
	at fr.xephi.authme.service.GeoIpService.updateDatabase(GeoIpService.java:150)
	at TRANSFORMER/arclight@1.20.4-1.0.4-80ec5df/org.bukkit.craftbukkit.v1_20_R3.scheduler.CraftTask.run(CraftTask.java:82)
	at TRANSFORMER/arclight@1.20.4-1.0.4-80ec5df/org.bukkit.craftbukkit.v1_20_R3.scheduler.CraftAsyncTask.run(CraftAsyncTask.java:54)
	at java.base/java.util.concurrent.ThreadPoolExecutor.runWorker(ThreadPoolExecutor.java:1136)
	at java.base/java.util.concurrent.ThreadPoolExecutor$Worker.run(ThreadPoolExecutor.java:635)
	at java.base/java.lang.Thread.run(Thread.java:840)

[10-19 19:35:21]: [FINE] srko_dj logged in 81.51.51.115
[10-19 19:48:19]: [INFO] AuthMe 5.6.0-bCUSTOM disabled!
[10-21 10:56:05]: [INFO] SQLite Setup finished
[10-21 10:56:05]: [INFO] Hooked into LuckPerms!
[10-21 10:56:05]: [INFO] Hooked successfully into Multiverse-Core
[10-21 10:56:06]: [WARN] WARNING! The protectInventory feature requires ProtocolLib! Disabling it...
[10-21 10:56:06]: [INFO] AuthMe 5.6.0 build n.CUSTOM successfully enabled!
[10-21 10:56:11]: [INFO] Downloading GEO IP database, because the old database is older than 30 days or doesn't exist
[10-21 10:56:11]: [WARN] No MaxMind credentials found in the configuration file! GeoIp protections will be disabled.
[10-21 10:56:11]: [INFO] There is no newer GEO IP database uploaded to MaxMind. Using the old one for now.
[10-21 10:56:11]: [WARN] Could not download GeoLiteAPI database [FileNotFoundException]: plugins/AuthMe/GeoLite2-Country.mmdb (No such file or directory)
[10-21 10:56:11]: java.io.FileNotFoundException: plugins/AuthMe/GeoLite2-Country.mmdb (No such file or directory)
	at java.base/java.io.RandomAccessFile.open0(Native Method)
	at java.base/java.io.RandomAccessFile.open(RandomAccessFile.java:344)
	at java.base/java.io.RandomAccessFile.<init>(RandomAccessFile.java:259)
	at java.base/java.io.RandomAccessFile.<init>(RandomAccessFile.java:213)
	at fr.xephi.authme.libs.com.maxmind.db.BufferHolder.<init>(BufferHolder.java:20)
	at fr.xephi.authme.libs.com.maxmind.db.Reader.<init>(Reader.java:121)
	at fr.xephi.authme.service.GeoIpService.startReading(GeoIpService.java:179)
	at fr.xephi.authme.service.GeoIpService.updateDatabase(GeoIpService.java:150)
	at TRANSFORMER/arclight@1.20.4-1.0.4-80ec5df/org.bukkit.craftbukkit.v1_20_R3.scheduler.CraftTask.run(CraftTask.java:82)
	at TRANSFORMER/arclight@1.20.4-1.0.4-80ec5df/org.bukkit.craftbukkit.v1_20_R3.scheduler.CraftAsyncTask.run(CraftAsyncTask.java:54)
	at java.base/java.util.concurrent.ThreadPoolExecutor.runWorker(ThreadPoolExecutor.java:1136)
	at java.base/java.util.concurrent.ThreadPoolExecutor$Worker.run(ThreadPoolExecutor.java:635)
	at java.base/java.lang.Thread.run(Thread.java:840)

[10-21 10:57:41]: [FINE] srko_dj logged in 81.51.51.115
[10-21 11:22:44]: [INFO] AuthMe 5.6.0-bCUSTOM disabled!
[10-21 11:26:12]: [INFO] SQLite Setup finished
[10-21 11:26:12]: [INFO] Hooked into LuckPerms!
[10-21 11:26:13]: [INFO] Hooked successfully into Multiverse-Core
[10-21 11:26:13]: [WARN] WARNING! The protectInventory feature requires ProtocolLib! Disabling it...
[10-21 11:26:13]: [INFO] AuthMe 5.6.0 build n.CUSTOM successfully enabled!
[10-21 11:26:30]: [INFO] Downloading GEO IP database, because the old database is older than 30 days or doesn't exist
[10-21 11:26:30]: [WARN] No MaxMind credentials found in the configuration file! GeoIp protections will be disabled.
[10-21 11:26:30]: [INFO] There is no newer GEO IP database uploaded to MaxMind. Using the old one for now.
[10-21 11:26:30]: [WARN] Could not download GeoLiteAPI database [FileNotFoundException]: plugins/AuthMe/GeoLite2-Country.mmdb (No such file or directory)
[10-21 11:26:30]: java.io.FileNotFoundException: plugins/AuthMe/GeoLite2-Country.mmdb (No such file or directory)
	at java.base/java.io.RandomAccessFile.open0(Native Method)
	at java.base/java.io.RandomAccessFile.open(RandomAccessFile.java:344)
	at java.base/java.io.RandomAccessFile.<init>(RandomAccessFile.java:259)
	at java.base/java.io.RandomAccessFile.<init>(RandomAccessFile.java:213)
	at fr.xephi.authme.libs.com.maxmind.db.BufferHolder.<init>(BufferHolder.java:20)
	at fr.xephi.authme.libs.com.maxmind.db.Reader.<init>(Reader.java:121)
	at fr.xephi.authme.service.GeoIpService.startReading(GeoIpService.java:179)
	at fr.xephi.authme.service.GeoIpService.updateDatabase(GeoIpService.java:150)
	at TRANSFORMER/arclight@1.20.4-1.0.4-80ec5df/org.bukkit.craftbukkit.v1_20_R3.scheduler.CraftTask.run(CraftTask.java:82)
	at TRANSFORMER/arclight@1.20.4-1.0.4-80ec5df/org.bukkit.craftbukkit.v1_20_R3.scheduler.CraftAsyncTask.run(CraftAsyncTask.java:54)
	at java.base/java.util.concurrent.ThreadPoolExecutor.runWorker(ThreadPoolExecutor.java:1136)
	at java.base/java.util.concurrent.ThreadPoolExecutor$Worker.run(ThreadPoolExecutor.java:635)
	at java.base/java.lang.Thread.run(Thread.java:840)

[10-21 11:27:48]: [FINE] srko_dj logged in 81.51.51.115
[10-21 12:45:29]: [INFO] AuthMe 5.6.0-bCUSTOM disabled!
[10-21 12:51:16]: [INFO] SQLite Setup finished
[10-21 12:51:16]: [INFO] Hooked into LuckPerms!
[10-21 12:51:17]: [INFO] Hooked successfully into Multiverse-Core
[10-21 12:51:17]: [WARN] WARNING! The protectInventory feature requires ProtocolLib! Disabling it...
[10-21 12:51:17]: [INFO] AuthMe 5.6.0 build n.CUSTOM successfully enabled!
[10-21 12:51:25]: [INFO] Downloading GEO IP database, because the old database is older than 30 days or doesn't exist
[10-21 12:51:25]: [WARN] No MaxMind credentials found in the configuration file! GeoIp protections will be disabled.
[10-21 12:51:25]: [INFO] There is no newer GEO IP database uploaded to MaxMind. Using the old one for now.
[10-21 12:51:25]: [WARN] Could not download GeoLiteAPI database [FileNotFoundException]: plugins/AuthMe/GeoLite2-Country.mmdb (No such file or directory)
[10-21 12:51:25]: java.io.FileNotFoundException: plugins/AuthMe/GeoLite2-Country.mmdb (No such file or directory)
	at java.base/java.io.RandomAccessFile.open0(Native Method)
	at java.base/java.io.RandomAccessFile.open(RandomAccessFile.java:344)
	at java.base/java.io.RandomAccessFile.<init>(RandomAccessFile.java:259)
	at java.base/java.io.RandomAccessFile.<init>(RandomAccessFile.java:213)
	at fr.xephi.authme.libs.com.maxmind.db.BufferHolder.<init>(BufferHolder.java:20)
	at fr.xephi.authme.libs.com.maxmind.db.Reader.<init>(Reader.java:121)
	at fr.xephi.authme.service.GeoIpService.startReading(GeoIpService.java:179)
	at fr.xephi.authme.service.GeoIpService.updateDatabase(GeoIpService.java:150)
	at TRANSFORMER/arclight@1.20.4-1.0.4-80ec5df/org.bukkit.craftbukkit.v1_20_R3.scheduler.CraftTask.run(CraftTask.java:82)
	at TRANSFORMER/arclight@1.20.4-1.0.4-80ec5df/org.bukkit.craftbukkit.v1_20_R3.scheduler.CraftAsyncTask.run(CraftAsyncTask.java:54)
	at java.base/java.util.concurrent.ThreadPoolExecutor.runWorker(ThreadPoolExecutor.java:1136)
	at java.base/java.util.concurrent.ThreadPoolExecutor$Worker.run(ThreadPoolExecutor.java:635)
	at java.base/java.lang.Thread.run(Thread.java:840)

[10-21 12:52:39]: [INFO] AuthMe 5.6.0-bCUSTOM disabled!
[10-21 12:56:37]: [INFO] SQLite Setup finished
[10-21 12:56:38]: [INFO] Hooked into LuckPerms!
[10-21 12:56:38]: [INFO] Hooked successfully into Multiverse-Core
[10-21 12:56:38]: [WARN] WARNING! The protectInventory feature requires ProtocolLib! Disabling it...
[10-21 12:56:38]: [INFO] AuthMe 5.6.0 build n.CUSTOM successfully enabled!
[10-21 12:56:44]: [INFO] Downloading GEO IP database, because the old database is older than 30 days or doesn't exist
[10-21 12:56:44]: [WARN] No MaxMind credentials found in the configuration file! GeoIp protections will be disabled.
[10-21 12:56:44]: [INFO] There is no newer GEO IP database uploaded to MaxMind. Using the old one for now.
[10-21 12:56:44]: [WARN] Could not download GeoLiteAPI database [FileNotFoundException]: plugins/AuthMe/GeoLite2-Country.mmdb (No such file or directory)
[10-21 12:56:44]: java.io.FileNotFoundException: plugins/AuthMe/GeoLite2-Country.mmdb (No such file or directory)
	at java.base/java.io.RandomAccessFile.open0(Native Method)
	at java.base/java.io.RandomAccessFile.open(RandomAccessFile.java:344)
	at java.base/java.io.RandomAccessFile.<init>(RandomAccessFile.java:259)
	at java.base/java.io.RandomAccessFile.<init>(RandomAccessFile.java:213)
	at fr.xephi.authme.libs.com.maxmind.db.BufferHolder.<init>(BufferHolder.java:20)
	at fr.xephi.authme.libs.com.maxmind.db.Reader.<init>(Reader.java:121)
	at fr.xephi.authme.service.GeoIpService.startReading(GeoIpService.java:179)
	at fr.xephi.authme.service.GeoIpService.updateDatabase(GeoIpService.java:150)
	at TRANSFORMER/arclight@1.20.4-1.0.4-80ec5df/org.bukkit.craftbukkit.v1_20_R3.scheduler.CraftTask.run(CraftTask.java:82)
	at TRANSFORMER/arclight@1.20.4-1.0.4-80ec5df/org.bukkit.craftbukkit.v1_20_R3.scheduler.CraftAsyncTask.run(CraftAsyncTask.java:54)
	at java.base/java.util.concurrent.ThreadPoolExecutor.runWorker(ThreadPoolExecutor.java:1136)
	at java.base/java.util.concurrent.ThreadPoolExecutor$Worker.run(ThreadPoolExecutor.java:635)
	at java.base/java.lang.Thread.run(Thread.java:840)

[10-21 12:57:07]: [FINE] srko_dj logged in 81.51.51.115
[10-21 13:05:24]: [INFO] AuthMe 5.6.0-bCUSTOM disabled!
[10-21 13:09:27]: [INFO] SQLite Setup finished
[10-21 13:09:27]: [INFO] Hooked into LuckPerms!
[10-21 13:09:27]: [INFO] Hooked successfully into Multiverse-Core
[10-21 13:09:27]: [WARN] WARNING! The protectInventory feature requires ProtocolLib! Disabling it...
[10-21 13:09:28]: [INFO] AuthMe 5.6.0 build n.CUSTOM successfully enabled!
[10-21 13:09:28]: [INFO] AuthMe 5.6.0-bCUSTOM disabled!
[10-21 13:12:18]: [INFO] SQLite Setup finished
[10-21 13:12:18]: [INFO] Hooked into LuckPerms!
[10-21 13:12:19]: [INFO] Hooked successfully into Multiverse-Core
[10-21 13:12:19]: [WARN] WARNING! The protectInventory feature requires ProtocolLib! Disabling it...
[10-21 13:12:19]: [INFO] AuthMe 5.6.0 build n.CUSTOM successfully enabled!
[10-21 13:12:23]: [INFO] Downloading GEO IP database, because the old database is older than 30 days or doesn't exist
[10-21 13:12:23]: [WARN] No MaxMind credentials found in the configuration file! GeoIp protections will be disabled.
[10-21 13:12:23]: [INFO] There is no newer GEO IP database uploaded to MaxMind. Using the old one for now.
[10-21 13:12:23]: [WARN] Could not download GeoLiteAPI database [FileNotFoundException]: plugins/AuthMe/GeoLite2-Country.mmdb (No such file or directory)
[10-21 13:12:23]: java.io.FileNotFoundException: plugins/AuthMe/GeoLite2-Country.mmdb (No such file or directory)
	at java.base/java.io.RandomAccessFile.open0(Native Method)
	at java.base/java.io.RandomAccessFile.open(RandomAccessFile.java:344)
	at java.base/java.io.RandomAccessFile.<init>(RandomAccessFile.java:259)
	at java.base/java.io.RandomAccessFile.<init>(RandomAccessFile.java:213)
	at fr.xephi.authme.libs.com.maxmind.db.BufferHolder.<init>(BufferHolder.java:20)
	at fr.xephi.authme.libs.com.maxmind.db.Reader.<init>(Reader.java:121)
	at fr.xephi.authme.service.GeoIpService.startReading(GeoIpService.java:179)
	at fr.xephi.authme.service.GeoIpService.updateDatabase(GeoIpService.java:150)
	at TRANSFORMER/arclight@1.20.4-1.0.4-80ec5df/org.bukkit.craftbukkit.v1_20_R3.scheduler.CraftTask.run(CraftTask.java:82)
	at TRANSFORMER/arclight@1.20.4-1.0.4-80ec5df/org.bukkit.craftbukkit.v1_20_R3.scheduler.CraftAsyncTask.run(CraftAsyncTask.java:54)
	at java.base/java.util.concurrent.ThreadPoolExecutor.runWorker(ThreadPoolExecutor.java:1136)
	at java.base/java.util.concurrent.ThreadPoolExecutor$Worker.run(ThreadPoolExecutor.java:635)
	at java.base/java.lang.Thread.run(Thread.java:840)

[10-21 13:12:34]: [INFO] AuthMe 5.6.0-bCUSTOM disabled!
[10-21 14:15:26]: [INFO] SQLite Setup finished
[10-21 14:15:26]: [INFO] Hooked into LuckPerms!
[10-21 14:15:26]: [INFO] Hooked successfully into Multiverse-Core
[10-21 14:15:26]: [WARN] WARNING! The protectInventory feature requires ProtocolLib! Disabling it...
[10-21 14:15:26]: [INFO] AuthMe 5.6.0 build n.CUSTOM successfully enabled!
[10-21 14:15:30]: [INFO] Downloading GEO IP database, because the old database is older than 30 days or doesn't exist
[10-21 14:15:30]: [WARN] No MaxMind credentials found in the configuration file! GeoIp protections will be disabled.
[10-21 14:15:30]: [INFO] There is no newer GEO IP database uploaded to MaxMind. Using the old one for now.
[10-21 14:15:30]: [WARN] Could not download GeoLiteAPI database [FileNotFoundException]: plugins/AuthMe/GeoLite2-Country.mmdb (No such file or directory)
[10-21 14:15:30]: java.io.FileNotFoundException: plugins/AuthMe/GeoLite2-Country.mmdb (No such file or directory)
	at java.base/java.io.RandomAccessFile.open0(Native Method)
	at java.base/java.io.RandomAccessFile.open(RandomAccessFile.java:344)
	at java.base/java.io.RandomAccessFile.<init>(RandomAccessFile.java:259)
	at java.base/java.io.RandomAccessFile.<init>(RandomAccessFile.java:213)
	at fr.xephi.authme.libs.com.maxmind.db.BufferHolder.<init>(BufferHolder.java:20)
	at fr.xephi.authme.libs.com.maxmind.db.Reader.<init>(Reader.java:121)
	at fr.xephi.authme.service.GeoIpService.startReading(GeoIpService.java:179)
	at fr.xephi.authme.service.GeoIpService.updateDatabase(GeoIpService.java:150)
	at TRANSFORMER/arclight@1.20.4-1.0.4-80ec5df/org.bukkit.craftbukkit.v1_20_R3.scheduler.CraftTask.run(CraftTask.java:82)
	at TRANSFORMER/arclight@1.20.4-1.0.4-80ec5df/org.bukkit.craftbukkit.v1_20_R3.scheduler.CraftAsyncTask.run(CraftAsyncTask.java:54)
	at java.base/java.util.concurrent.ThreadPoolExecutor.runWorker(ThreadPoolExecutor.java:1136)
	at java.base/java.util.concurrent.ThreadPoolExecutor$Worker.run(ThreadPoolExecutor.java:635)
	at java.base/java.lang.Thread.run(Thread.java:840)

[10-21 14:20:59]: [INFO] AuthMe 5.6.0-bCUSTOM disabled!
[10-21 14:22:04]: [INFO] SQLite Setup finished
[10-21 14:22:04]: [INFO] Hooked into LuckPerms!
[10-21 14:22:04]: [INFO] Hooked successfully into Multiverse-Core
[10-21 14:22:04]: [WARN] WARNING! The protectInventory feature requires ProtocolLib! Disabling it...
[10-21 14:22:04]: [INFO] AuthMe 5.6.0 build n.CUSTOM successfully enabled!
[10-21 14:22:07]: [INFO] Downloading GEO IP database, because the old database is older than 30 days or doesn't exist
[10-21 14:22:07]: [WARN] No MaxMind credentials found in the configuration file! GeoIp protections will be disabled.
[10-21 14:22:07]: [INFO] There is no newer GEO IP database uploaded to MaxMind. Using the old one for now.
[10-21 14:22:07]: [WARN] Could not download GeoLiteAPI database [FileNotFoundException]: plugins/AuthMe/GeoLite2-Country.mmdb (No such file or directory)
[10-21 14:22:07]: java.io.FileNotFoundException: plugins/AuthMe/GeoLite2-Country.mmdb (No such file or directory)
	at java.base/java.io.RandomAccessFile.open0(Native Method)
	at java.base/java.io.RandomAccessFile.open(RandomAccessFile.java:344)
	at java.base/java.io.RandomAccessFile.<init>(RandomAccessFile.java:259)
	at java.base/java.io.RandomAccessFile.<init>(RandomAccessFile.java:213)
	at fr.xephi.authme.libs.com.maxmind.db.BufferHolder.<init>(BufferHolder.java:20)
	at fr.xephi.authme.libs.com.maxmind.db.Reader.<init>(Reader.java:121)
	at fr.xephi.authme.service.GeoIpService.startReading(GeoIpService.java:179)
	at fr.xephi.authme.service.GeoIpService.updateDatabase(GeoIpService.java:150)
	at TRANSFORMER/arclight@1.20.4-1.0.4-80ec5df/org.bukkit.craftbukkit.v1_20_R3.scheduler.CraftTask.run(CraftTask.java:82)
	at TRANSFORMER/arclight@1.20.4-1.0.4-80ec5df/org.bukkit.craftbukkit.v1_20_R3.scheduler.CraftAsyncTask.run(CraftAsyncTask.java:54)
	at java.base/java.util.concurrent.ThreadPoolExecutor.runWorker(ThreadPoolExecutor.java:1136)
	at java.base/java.util.concurrent.ThreadPoolExecutor$Worker.run(ThreadPoolExecutor.java:635)
	at java.base/java.lang.Thread.run(Thread.java:840)

[10-21 14:23:10]: [INFO] AuthMe 5.6.0-bCUSTOM disabled!
[10-21 14:26:34]: [INFO] SQLite Setup finished
[10-21 14:26:35]: [INFO] Hooked into LuckPerms!
[10-21 14:26:35]: [INFO] Hooked successfully into Multiverse-Core
[10-21 14:26:35]: [WARN] WARNING! The protectInventory feature requires ProtocolLib! Disabling it...
[10-21 14:26:35]: [INFO] AuthMe 5.6.0 build n.CUSTOM successfully enabled!
[10-21 14:26:39]: [INFO] Downloading GEO IP database, because the old database is older than 30 days or doesn't exist
[10-21 14:26:39]: [WARN] No MaxMind credentials found in the configuration file! GeoIp protections will be disabled.
[10-21 14:26:39]: [INFO] There is no newer GEO IP database uploaded to MaxMind. Using the old one for now.
[10-21 14:26:39]: [WARN] Could not download GeoLiteAPI database [FileNotFoundException]: plugins/AuthMe/GeoLite2-Country.mmdb (No such file or directory)
[10-21 14:26:39]: java.io.FileNotFoundException: plugins/AuthMe/GeoLite2-Country.mmdb (No such file or directory)
	at java.base/java.io.RandomAccessFile.open0(Native Method)
	at java.base/java.io.RandomAccessFile.open(RandomAccessFile.java:344)
	at java.base/java.io.RandomAccessFile.<init>(RandomAccessFile.java:259)
	at java.base/java.io.RandomAccessFile.<init>(RandomAccessFile.java:213)
	at fr.xephi.authme.libs.com.maxmind.db.BufferHolder.<init>(BufferHolder.java:20)
	at fr.xephi.authme.libs.com.maxmind.db.Reader.<init>(Reader.java:121)
	at fr.xephi.authme.service.GeoIpService.startReading(GeoIpService.java:179)
	at fr.xephi.authme.service.GeoIpService.updateDatabase(GeoIpService.java:150)
	at TRANSFORMER/arclight@1.20.4-1.0.4-80ec5df/org.bukkit.craftbukkit.v1_20_R3.scheduler.CraftTask.run(CraftTask.java:82)
	at TRANSFORMER/arclight@1.20.4-1.0.4-80ec5df/org.bukkit.craftbukkit.v1_20_R3.scheduler.CraftAsyncTask.run(CraftAsyncTask.java:54)
	at java.base/java.util.concurrent.ThreadPoolExecutor.runWorker(ThreadPoolExecutor.java:1136)
	at java.base/java.util.concurrent.ThreadPoolExecutor$Worker.run(ThreadPoolExecutor.java:635)
	at java.base/java.lang.Thread.run(Thread.java:840)

[10-21 14:28:50]: [FINE] srko_gg registered 92.184.121.32
[10-21 14:28:50]: [FINE] srko_gg logged in 92.184.121.32
[10-21 14:40:40]: [INFO] AuthMe 5.6.0-bCUSTOM disabled!
[10-21 20:45:18]: [INFO] SQLite Setup finished
[10-21 20:45:18]: [INFO] Hooked into LuckPerms!
[10-21 20:45:19]: [INFO] Hooked successfully into Multiverse-Core
[10-21 20:45:19]: [WARN] WARNING! The protectInventory feature requires ProtocolLib! Disabling it...
[10-21 20:45:19]: [INFO] AuthMe 5.6.0 build n.CUSTOM successfully enabled!
[10-21 20:45:24]: [INFO] Downloading GEO IP database, because the old database is older than 30 days or doesn't exist
[10-21 20:45:24]: [WARN] No MaxMind credentials found in the configuration file! GeoIp protections will be disabled.
[10-21 20:45:24]: [INFO] There is no newer GEO IP database uploaded to MaxMind. Using the old one for now.
[10-21 20:45:24]: [WARN] Could not download GeoLiteAPI database [FileNotFoundException]: plugins/AuthMe/GeoLite2-Country.mmdb (No such file or directory)
[10-21 20:45:24]: java.io.FileNotFoundException: plugins/AuthMe/GeoLite2-Country.mmdb (No such file or directory)
	at java.base/java.io.RandomAccessFile.open0(Native Method)
	at java.base/java.io.RandomAccessFile.open(RandomAccessFile.java:344)
	at java.base/java.io.RandomAccessFile.<init>(RandomAccessFile.java:259)
	at java.base/java.io.RandomAccessFile.<init>(RandomAccessFile.java:213)
	at fr.xephi.authme.libs.com.maxmind.db.BufferHolder.<init>(BufferHolder.java:20)
	at fr.xephi.authme.libs.com.maxmind.db.Reader.<init>(Reader.java:121)
	at fr.xephi.authme.service.GeoIpService.startReading(GeoIpService.java:179)
	at fr.xephi.authme.service.GeoIpService.updateDatabase(GeoIpService.java:150)
	at TRANSFORMER/arclight@1.20.4-1.0.4-80ec5df/org.bukkit.craftbukkit.v1_20_R3.scheduler.CraftTask.run(CraftTask.java:82)
	at TRANSFORMER/arclight@1.20.4-1.0.4-80ec5df/org.bukkit.craftbukkit.v1_20_R3.scheduler.CraftAsyncTask.run(CraftAsyncTask.java:54)
	at java.base/java.util.concurrent.ThreadPoolExecutor.runWorker(ThreadPoolExecutor.java:1136)
	at java.base/java.util.concurrent.ThreadPoolExecutor$Worker.run(ThreadPoolExecutor.java:635)
	at java.base/java.lang.Thread.run(Thread.java:840)

[10-21 20:53:05]: [FINE] srko_dj logged in 81.51.51.115
[10-21 21:25:17]: [INFO] AuthMe 5.6.0-bCUSTOM disabled!
[10-21 21:26:26]: [INFO] SQLite Setup finished
[10-21 21:26:26]: [INFO] Hooked into LuckPerms!
[10-21 21:26:26]: [INFO] Hooked successfully into Multiverse-Core
[10-21 21:26:26]: [WARN] WARNING! The protectInventory feature requires ProtocolLib! Disabling it...
[10-21 21:26:26]: [INFO] AuthMe 5.6.0 build n.CUSTOM successfully enabled!
[10-21 21:26:30]: [INFO] Downloading GEO IP database, because the old database is older than 30 days or doesn't exist
[10-21 21:26:30]: [WARN] No MaxMind credentials found in the configuration file! GeoIp protections will be disabled.
[10-21 21:26:30]: [INFO] There is no newer GEO IP database uploaded to MaxMind. Using the old one for now.
[10-21 21:26:30]: [WARN] Could not download GeoLiteAPI database [FileNotFoundException]: plugins/AuthMe/GeoLite2-Country.mmdb (No such file or directory)
[10-21 21:26:30]: java.io.FileNotFoundException: plugins/AuthMe/GeoLite2-Country.mmdb (No such file or directory)
	at java.base/java.io.RandomAccessFile.open0(Native Method)
	at java.base/java.io.RandomAccessFile.open(RandomAccessFile.java:344)
	at java.base/java.io.RandomAccessFile.<init>(RandomAccessFile.java:259)
	at java.base/java.io.RandomAccessFile.<init>(RandomAccessFile.java:213)
	at fr.xephi.authme.libs.com.maxmind.db.BufferHolder.<init>(BufferHolder.java:20)
	at fr.xephi.authme.libs.com.maxmind.db.Reader.<init>(Reader.java:121)
	at fr.xephi.authme.service.GeoIpService.startReading(GeoIpService.java:179)
	at fr.xephi.authme.service.GeoIpService.updateDatabase(GeoIpService.java:150)
	at TRANSFORMER/arclight@1.20.4-1.0.4-80ec5df/org.bukkit.craftbukkit.v1_20_R3.scheduler.CraftTask.run(CraftTask.java:82)
	at TRANSFORMER/arclight@1.20.4-1.0.4-80ec5df/org.bukkit.craftbukkit.v1_20_R3.scheduler.CraftAsyncTask.run(CraftAsyncTask.java:54)
	at java.base/java.util.concurrent.ThreadPoolExecutor.runWorker(ThreadPoolExecutor.java:1136)
	at java.base/java.util.concurrent.ThreadPoolExecutor$Worker.run(ThreadPoolExecutor.java:635)
	at java.base/java.lang.Thread.run(Thread.java:840)

[10-21 21:26:58]: [FINE] srko_dj logged in 81.51.51.115
[10-21 21:29:29]: [INFO] AuthMe 5.6.0-bCUSTOM disabled!
[10-21 21:32:30]: [INFO] SQLite Setup finished
[10-21 21:32:31]: [INFO] Hooked into LuckPerms!
[10-21 21:32:31]: [INFO] Hooked successfully into Multiverse-Core
[10-21 21:32:31]: [WARN] WARNING! The protectInventory feature requires ProtocolLib! Disabling it...
[10-21 21:32:31]: [INFO] AuthMe 5.6.0 build n.CUSTOM successfully enabled!
[10-21 21:32:36]: [INFO] Downloading GEO IP database, because the old database is older than 30 days or doesn't exist
[10-21 21:32:36]: [WARN] No MaxMind credentials found in the configuration file! GeoIp protections will be disabled.
[10-21 21:32:36]: [INFO] There is no newer GEO IP database uploaded to MaxMind. Using the old one for now.
[10-21 21:32:36]: [WARN] Could not download GeoLiteAPI database [FileNotFoundException]: plugins/AuthMe/GeoLite2-Country.mmdb (No such file or directory)
[10-21 21:32:36]: java.io.FileNotFoundException: plugins/AuthMe/GeoLite2-Country.mmdb (No such file or directory)
	at java.base/java.io.RandomAccessFile.open0(Native Method)
	at java.base/java.io.RandomAccessFile.open(RandomAccessFile.java:344)
	at java.base/java.io.RandomAccessFile.<init>(RandomAccessFile.java:259)
	at java.base/java.io.RandomAccessFile.<init>(RandomAccessFile.java:213)
	at fr.xephi.authme.libs.com.maxmind.db.BufferHolder.<init>(BufferHolder.java:20)
	at fr.xephi.authme.libs.com.maxmind.db.Reader.<init>(Reader.java:121)
	at fr.xephi.authme.service.GeoIpService.startReading(GeoIpService.java:179)
	at fr.xephi.authme.service.GeoIpService.updateDatabase(GeoIpService.java:150)
	at TRANSFORMER/arclight@1.20.4-1.0.4-80ec5df/org.bukkit.craftbukkit.v1_20_R3.scheduler.CraftTask.run(CraftTask.java:82)
	at TRANSFORMER/arclight@1.20.4-1.0.4-80ec5df/org.bukkit.craftbukkit.v1_20_R3.scheduler.CraftAsyncTask.run(CraftAsyncTask.java:54)
	at java.base/java.util.concurrent.ThreadPoolExecutor.runWorker(ThreadPoolExecutor.java:1136)
	at java.base/java.util.concurrent.ThreadPoolExecutor$Worker.run(ThreadPoolExecutor.java:635)
	at java.base/java.lang.Thread.run(Thread.java:840)

[10-21 21:33:21]: [FINE] srko_dj logged in 81.51.51.115
[10-21 21:52:22]: [INFO] AuthMe 5.6.0-bCUSTOM disabled!
[10-22 14:54:19]: [INFO] SQLite Setup finished
[10-22 14:54:19]: [INFO] Hooked into LuckPerms!
[10-22 14:54:19]: [INFO] Hooked successfully into Multiverse-Core
[10-22 14:54:19]: [WARN] WARNING! The protectInventory feature requires ProtocolLib! Disabling it...
[10-22 14:54:20]: [INFO] AuthMe 5.6.0 build n.CUSTOM successfully enabled!
[10-22 14:54:24]: [INFO] Downloading GEO IP database, because the old database is older than 30 days or doesn't exist
[10-22 14:54:24]: [WARN] No MaxMind credentials found in the configuration file! GeoIp protections will be disabled.
[10-22 14:54:24]: [INFO] There is no newer GEO IP database uploaded to MaxMind. Using the old one for now.
[10-22 14:54:24]: [WARN] Could not download GeoLiteAPI database [FileNotFoundException]: plugins/AuthMe/GeoLite2-Country.mmdb (No such file or directory)
[10-22 14:54:24]: java.io.FileNotFoundException: plugins/AuthMe/GeoLite2-Country.mmdb (No such file or directory)
	at java.base/java.io.RandomAccessFile.open0(Native Method)
	at java.base/java.io.RandomAccessFile.open(RandomAccessFile.java:344)
	at java.base/java.io.RandomAccessFile.<init>(RandomAccessFile.java:259)
	at java.base/java.io.RandomAccessFile.<init>(RandomAccessFile.java:213)
	at fr.xephi.authme.libs.com.maxmind.db.BufferHolder.<init>(BufferHolder.java:20)
	at fr.xephi.authme.libs.com.maxmind.db.Reader.<init>(Reader.java:121)
	at fr.xephi.authme.service.GeoIpService.startReading(GeoIpService.java:179)
	at fr.xephi.authme.service.GeoIpService.updateDatabase(GeoIpService.java:150)
	at TRANSFORMER/arclight@1.20.4-1.0.4-80ec5df/org.bukkit.craftbukkit.v1_20_R3.scheduler.CraftTask.run(CraftTask.java:82)
	at TRANSFORMER/arclight@1.20.4-1.0.4-80ec5df/org.bukkit.craftbukkit.v1_20_R3.scheduler.CraftAsyncTask.run(CraftAsyncTask.java:54)
	at java.base/java.util.concurrent.ThreadPoolExecutor.runWorker(ThreadPoolExecutor.java:1136)
	at java.base/java.util.concurrent.ThreadPoolExecutor$Worker.run(ThreadPoolExecutor.java:635)
	at java.base/java.lang.Thread.run(Thread.java:840)

[10-22 14:57:57]: [FINE] srko_dj logged in 81.51.51.115
[10-22 17:12:04]: [INFO] AuthMe 5.6.0-bCUSTOM disabled!
[10-22 17:18:30]: [INFO] SQLite Setup finished
[10-22 17:18:30]: [INFO] Hooked into LuckPerms!
[10-22 17:18:30]: [INFO] Hooked successfully into Multiverse-Core
[10-22 17:18:30]: [WARN] WARNING! The protectInventory feature requires ProtocolLib! Disabling it...
[10-22 17:18:31]: [INFO] AuthMe 5.6.0 build n.CUSTOM successfully enabled!
[10-22 17:18:34]: [INFO] Downloading GEO IP database, because the old database is older than 30 days or doesn't exist
[10-22 17:18:34]: [WARN] No MaxMind credentials found in the configuration file! GeoIp protections will be disabled.
[10-22 17:18:34]: [INFO] There is no newer GEO IP database uploaded to MaxMind. Using the old one for now.
[10-22 17:18:34]: [WARN] Could not download GeoLiteAPI database [FileNotFoundException]: plugins/AuthMe/GeoLite2-Country.mmdb (No such file or directory)
[10-22 17:18:34]: java.io.FileNotFoundException: plugins/AuthMe/GeoLite2-Country.mmdb (No such file or directory)
	at java.base/java.io.RandomAccessFile.open0(Native Method)
	at java.base/java.io.RandomAccessFile.open(RandomAccessFile.java:344)
	at java.base/java.io.RandomAccessFile.<init>(RandomAccessFile.java:259)
	at java.base/java.io.RandomAccessFile.<init>(RandomAccessFile.java:213)
	at fr.xephi.authme.libs.com.maxmind.db.BufferHolder.<init>(BufferHolder.java:20)
	at fr.xephi.authme.libs.com.maxmind.db.Reader.<init>(Reader.java:121)
	at fr.xephi.authme.service.GeoIpService.startReading(GeoIpService.java:179)
	at fr.xephi.authme.service.GeoIpService.updateDatabase(GeoIpService.java:150)
	at TRANSFORMER/arclight@1.20.4-1.0.4-80ec5df/org.bukkit.craftbukkit.v1_20_R3.scheduler.CraftTask.run(CraftTask.java:82)
	at TRANSFORMER/arclight@1.20.4-1.0.4-80ec5df/org.bukkit.craftbukkit.v1_20_R3.scheduler.CraftAsyncTask.run(CraftAsyncTask.java:54)
	at java.base/java.util.concurrent.ThreadPoolExecutor.runWorker(ThreadPoolExecutor.java:1136)
	at java.base/java.util.concurrent.ThreadPoolExecutor$Worker.run(ThreadPoolExecutor.java:635)
	at java.base/java.lang.Thread.run(Thread.java:840)

[10-22 17:19:41]: [FINE] srko_dj logged in 81.51.51.115
[10-22 17:20:44]: [INFO] AuthMe 5.6.0-bCUSTOM disabled!
[10-22 17:24:31]: [INFO] SQLite Setup finished
[10-22 17:24:31]: [INFO] Hooked into LuckPerms!
[10-22 17:24:32]: [INFO] Hooked successfully into Multiverse-Core
[10-22 17:24:32]: [WARN] WARNING! The protectInventory feature requires ProtocolLib! Disabling it...
[10-22 17:24:32]: [INFO] AuthMe 5.6.0 build n.CUSTOM successfully enabled!
[10-22 17:24:37]: [INFO] Downloading GEO IP database, because the old database is older than 30 days or doesn't exist
[10-22 17:24:37]: [WARN] No MaxMind credentials found in the configuration file! GeoIp protections will be disabled.
[10-22 17:24:37]: [INFO] There is no newer GEO IP database uploaded to MaxMind. Using the old one for now.
[10-22 17:24:37]: [WARN] Could not download GeoLiteAPI database [FileNotFoundException]: plugins/AuthMe/GeoLite2-Country.mmdb (No such file or directory)
[10-22 17:24:37]: java.io.FileNotFoundException: plugins/AuthMe/GeoLite2-Country.mmdb (No such file or directory)
	at java.base/java.io.RandomAccessFile.open0(Native Method)
	at java.base/java.io.RandomAccessFile.open(RandomAccessFile.java:344)
	at java.base/java.io.RandomAccessFile.<init>(RandomAccessFile.java:259)
	at java.base/java.io.RandomAccessFile.<init>(RandomAccessFile.java:213)
	at fr.xephi.authme.libs.com.maxmind.db.BufferHolder.<init>(BufferHolder.java:20)
	at fr.xephi.authme.libs.com.maxmind.db.Reader.<init>(Reader.java:121)
	at fr.xephi.authme.service.GeoIpService.startReading(GeoIpService.java:179)
	at fr.xephi.authme.service.GeoIpService.updateDatabase(GeoIpService.java:150)
	at TRANSFORMER/arclight@1.20.4-1.0.4-80ec5df/org.bukkit.craftbukkit.v1_20_R3.scheduler.CraftTask.run(CraftTask.java:82)
	at TRANSFORMER/arclight@1.20.4-1.0.4-80ec5df/org.bukkit.craftbukkit.v1_20_R3.scheduler.CraftAsyncTask.run(CraftAsyncTask.java:54)
	at java.base/java.util.concurrent.ThreadPoolExecutor.runWorker(ThreadPoolExecutor.java:1136)
	at java.base/java.util.concurrent.ThreadPoolExecutor$Worker.run(ThreadPoolExecutor.java:635)
	at java.base/java.lang.Thread.run(Thread.java:840)

[10-22 17:25:26]: [FINE] srko_dj logged in 81.51.51.115
[10-22 18:57:02]: [INFO] AuthMe 5.6.0-bCUSTOM disabled!
[10-22 20:39:00]: [INFO] SQLite Setup finished
[10-22 20:39:00]: [INFO] Hooked into LuckPerms!
[10-22 20:39:00]: [INFO] Hooked successfully into Multiverse-Core
[10-22 20:39:01]: [WARN] WARNING! The protectInventory feature requires ProtocolLib! Disabling it...
[10-22 20:39:01]: [INFO] AuthMe 5.6.0 build n.CUSTOM successfully enabled!
[10-22 20:39:05]: [INFO] Downloading GEO IP database, because the old database is older than 30 days or doesn't exist
[10-22 20:39:05]: [WARN] No MaxMind credentials found in the configuration file! GeoIp protections will be disabled.
[10-22 20:39:05]: [INFO] There is no newer GEO IP database uploaded to MaxMind. Using the old one for now.
[10-22 20:39:05]: [WARN] Could not download GeoLiteAPI database [FileNotFoundException]: plugins/AuthMe/GeoLite2-Country.mmdb (No such file or directory)
[10-22 20:39:05]: java.io.FileNotFoundException: plugins/AuthMe/GeoLite2-Country.mmdb (No such file or directory)
	at java.base/java.io.RandomAccessFile.open0(Native Method)
	at java.base/java.io.RandomAccessFile.open(RandomAccessFile.java:344)
	at java.base/java.io.RandomAccessFile.<init>(RandomAccessFile.java:259)
	at java.base/java.io.RandomAccessFile.<init>(RandomAccessFile.java:213)
	at fr.xephi.authme.libs.com.maxmind.db.BufferHolder.<init>(BufferHolder.java:20)
	at fr.xephi.authme.libs.com.maxmind.db.Reader.<init>(Reader.java:121)
	at fr.xephi.authme.service.GeoIpService.startReading(GeoIpService.java:179)
	at fr.xephi.authme.service.GeoIpService.updateDatabase(GeoIpService.java:150)
	at TRANSFORMER/arclight@1.20.4-1.0.4-80ec5df/org.bukkit.craftbukkit.v1_20_R3.scheduler.CraftTask.run(CraftTask.java:82)
	at TRANSFORMER/arclight@1.20.4-1.0.4-80ec5df/org.bukkit.craftbukkit.v1_20_R3.scheduler.CraftAsyncTask.run(CraftAsyncTask.java:54)
	at java.base/java.util.concurrent.ThreadPoolExecutor.runWorker(ThreadPoolExecutor.java:1136)
	at java.base/java.util.concurrent.ThreadPoolExecutor$Worker.run(ThreadPoolExecutor.java:635)
	at java.base/java.lang.Thread.run(Thread.java:840)

[10-22 20:42:08]: [INFO] AuthMe 5.6.0-bCUSTOM disabled!
[10-22 23:01:05]: [INFO] SQLite Setup finished
[10-22 23:01:05]: [INFO] Hooked into LuckPerms!
[10-22 23:01:05]: [INFO] Hooked successfully into Multiverse-Core
[10-22 23:01:06]: [WARN] WARNING! The protectInventory feature requires ProtocolLib! Disabling it...
[10-22 23:01:06]: [INFO] AuthMe 5.6.0 build n.CUSTOM successfully enabled!
[10-22 23:01:10]: [INFO] Downloading GEO IP database, because the old database is older than 30 days or doesn't exist
[10-22 23:01:10]: [WARN] No MaxMind credentials found in the configuration file! GeoIp protections will be disabled.
[10-22 23:01:10]: [INFO] There is no newer GEO IP database uploaded to MaxMind. Using the old one for now.
[10-22 23:01:10]: [WARN] Could not download GeoLiteAPI database [FileNotFoundException]: plugins/AuthMe/GeoLite2-Country.mmdb (No such file or directory)
[10-22 23:01:10]: java.io.FileNotFoundException: plugins/AuthMe/GeoLite2-Country.mmdb (No such file or directory)
	at java.base/java.io.RandomAccessFile.open0(Native Method)
	at java.base/java.io.RandomAccessFile.open(RandomAccessFile.java:344)
	at java.base/java.io.RandomAccessFile.<init>(RandomAccessFile.java:259)
	at java.base/java.io.RandomAccessFile.<init>(RandomAccessFile.java:213)
	at fr.xephi.authme.libs.com.maxmind.db.BufferHolder.<init>(BufferHolder.java:20)
	at fr.xephi.authme.libs.com.maxmind.db.Reader.<init>(Reader.java:121)
	at fr.xephi.authme.service.GeoIpService.startReading(GeoIpService.java:179)
	at fr.xephi.authme.service.GeoIpService.updateDatabase(GeoIpService.java:150)
	at TRANSFORMER/arclight@1.20.4-1.0.4-80ec5df/org.bukkit.craftbukkit.v1_20_R3.scheduler.CraftTask.run(CraftTask.java:82)
	at TRANSFORMER/arclight@1.20.4-1.0.4-80ec5df/org.bukkit.craftbukkit.v1_20_R3.scheduler.CraftAsyncTask.run(CraftAsyncTask.java:54)
	at java.base/java.util.concurrent.ThreadPoolExecutor.runWorker(ThreadPoolExecutor.java:1136)
	at java.base/java.util.concurrent.ThreadPoolExecutor$Worker.run(ThreadPoolExecutor.java:635)
	at java.base/java.lang.Thread.run(Thread.java:840)

[10-22 23:01:59]: [FINE] srko_dj logged in 81.51.51.115
[10-22 23:08:05]: [INFO] AuthMe 5.6.0-bCUSTOM disabled!
[10-22 23:12:35]: [INFO] SQLite Setup finished
[10-22 23:12:35]: [INFO] Hooked into LuckPerms!
[10-22 23:12:35]: [INFO] Hooked successfully into Multiverse-Core
[10-22 23:12:35]: [WARN] WARNING! The protectInventory feature requires ProtocolLib! Disabling it...
[10-22 23:12:36]: [INFO] AuthMe 5.6.0 build n.CUSTOM successfully enabled!
[10-22 23:12:37]: [INFO] Downloading GEO IP database, because the old database is older than 30 days or doesn't exist
[10-22 23:12:37]: [WARN] No MaxMind credentials found in the configuration file! GeoIp protections will be disabled.
[10-22 23:12:37]: [INFO] There is no newer GEO IP database uploaded to MaxMind. Using the old one for now.
[10-22 23:12:37]: [WARN] Could not download GeoLiteAPI database [FileNotFoundException]: plugins/AuthMe/GeoLite2-Country.mmdb (No such file or directory)
[10-22 23:12:37]: java.io.FileNotFoundException: plugins/AuthMe/GeoLite2-Country.mmdb (No such file or directory)
	at java.base/java.io.RandomAccessFile.open0(Native Method)
	at java.base/java.io.RandomAccessFile.open(RandomAccessFile.java:344)
	at java.base/java.io.RandomAccessFile.<init>(RandomAccessFile.java:259)
	at java.base/java.io.RandomAccessFile.<init>(RandomAccessFile.java:213)
	at fr.xephi.authme.libs.com.maxmind.db.BufferHolder.<init>(BufferHolder.java:20)
	at fr.xephi.authme.libs.com.maxmind.db.Reader.<init>(Reader.java:121)
	at fr.xephi.authme.service.GeoIpService.startReading(GeoIpService.java:179)
	at fr.xephi.authme.service.GeoIpService.updateDatabase(GeoIpService.java:150)
	at TRANSFORMER/arclight@1.20.4-1.0.4-80ec5df/org.bukkit.craftbukkit.v1_20_R3.scheduler.CraftTask.run(CraftTask.java:82)
	at TRANSFORMER/arclight@1.20.4-1.0.4-80ec5df/org.bukkit.craftbukkit.v1_20_R3.scheduler.CraftAsyncTask.run(CraftAsyncTask.java:54)
	at java.base/java.util.concurrent.ThreadPoolExecutor.runWorker(ThreadPoolExecutor.java:1136)
	at java.base/java.util.concurrent.ThreadPoolExecutor$Worker.run(ThreadPoolExecutor.java:635)
	at java.base/java.lang.Thread.run(Thread.java:840)

[10-22 23:13:12]: [INFO] AuthMe 5.6.0-bCUSTOM disabled!
[10-24 17:35:35]: [INFO] SQLite Setup finished
[10-24 17:35:35]: [INFO] Hooked into LuckPerms!
[10-24 17:35:35]: [INFO] Hooked successfully into Essentials
[10-24 17:35:35]: [INFO] Hooked successfully into Multiverse-Core
[10-24 17:35:35]: [INFO] Essentials spawn file not found: '/server/plugins/Essentials/spawn.yml'
[10-24 17:35:35]: [WARN] WARNING! The protectInventory feature requires ProtocolLib! Disabling it...
[10-24 17:35:36]: [INFO] AuthMe 5.6.0 build n.CUSTOM successfully enabled!
[10-24 17:35:37]: [INFO] Downloading GEO IP database, because the old database is older than 30 days or doesn't exist
[10-24 17:35:37]: [WARN] No MaxMind credentials found in the configuration file! GeoIp protections will be disabled.
[10-24 17:35:37]: [INFO] There is no newer GEO IP database uploaded to MaxMind. Using the old one for now.
[10-24 17:35:37]: [WARN] Could not download GeoLiteAPI database [FileNotFoundException]: plugins/AuthMe/GeoLite2-Country.mmdb (No such file or directory)
[10-24 17:35:37]: java.io.FileNotFoundException: plugins/AuthMe/GeoLite2-Country.mmdb (No such file or directory)
	at java.base/java.io.RandomAccessFile.open0(Native Method)
	at java.base/java.io.RandomAccessFile.open(RandomAccessFile.java:344)
	at java.base/java.io.RandomAccessFile.<init>(RandomAccessFile.java:259)
	at java.base/java.io.RandomAccessFile.<init>(RandomAccessFile.java:213)
	at fr.xephi.authme.libs.com.maxmind.db.BufferHolder.<init>(BufferHolder.java:20)
	at fr.xephi.authme.libs.com.maxmind.db.Reader.<init>(Reader.java:121)
	at fr.xephi.authme.service.GeoIpService.startReading(GeoIpService.java:179)
	at fr.xephi.authme.service.GeoIpService.updateDatabase(GeoIpService.java:150)
	at TRANSFORMER/arclight@1.20.4-1.0.4-80ec5df/org.bukkit.craftbukkit.v1_20_R3.scheduler.CraftTask.run(CraftTask.java:82)
	at TRANSFORMER/arclight@1.20.4-1.0.4-80ec5df/org.bukkit.craftbukkit.v1_20_R3.scheduler.CraftAsyncTask.run(CraftAsyncTask.java:54)
	at java.base/java.util.concurrent.ThreadPoolExecutor.runWorker(ThreadPoolExecutor.java:1136)
	at java.base/java.util.concurrent.ThreadPoolExecutor$Worker.run(ThreadPoolExecutor.java:635)
	at java.base/java.lang.Thread.run(Thread.java:840)

[10-24 17:40:39]: [INFO] AuthMe 5.6.0-bCUSTOM disabled!
[10-24 17:45:15]: [INFO] SQLite Setup finished
[10-24 17:45:15]: [INFO] Hooked into LuckPerms!
[10-24 17:45:15]: [INFO] Hooked successfully into Essentials
[10-24 17:45:15]: [INFO] Hooked successfully into Multiverse-Core
[10-24 17:45:15]: [INFO] Essentials spawn file not found: '/server/plugins/Essentials/spawn.yml'
[10-24 17:45:15]: [WARN] WARNING! The protectInventory feature requires ProtocolLib! Disabling it...
[10-24 17:45:16]: [INFO] AuthMe 5.6.0 build n.CUSTOM successfully enabled!
[10-24 17:45:17]: [INFO] Downloading GEO IP database, because the old database is older than 30 days or doesn't exist
[10-24 17:45:17]: [WARN] No MaxMind credentials found in the configuration file! GeoIp protections will be disabled.
[10-24 17:45:17]: [INFO] There is no newer GEO IP database uploaded to MaxMind. Using the old one for now.
[10-24 17:45:17]: [WARN] Could not download GeoLiteAPI database [FileNotFoundException]: plugins/AuthMe/GeoLite2-Country.mmdb (No such file or directory)
[10-24 17:45:17]: java.io.FileNotFoundException: plugins/AuthMe/GeoLite2-Country.mmdb (No such file or directory)
	at java.base/java.io.RandomAccessFile.open0(Native Method)
	at java.base/java.io.RandomAccessFile.open(RandomAccessFile.java:344)
	at java.base/java.io.RandomAccessFile.<init>(RandomAccessFile.java:259)
	at java.base/java.io.RandomAccessFile.<init>(RandomAccessFile.java:213)
	at fr.xephi.authme.libs.com.maxmind.db.BufferHolder.<init>(BufferHolder.java:20)
	at fr.xephi.authme.libs.com.maxmind.db.Reader.<init>(Reader.java:121)
	at fr.xephi.authme.service.GeoIpService.startReading(GeoIpService.java:179)
	at fr.xephi.authme.service.GeoIpService.updateDatabase(GeoIpService.java:150)
	at TRANSFORMER/arclight@1.20.4-1.0.4-80ec5df/org.bukkit.craftbukkit.v1_20_R3.scheduler.CraftTask.run(CraftTask.java:82)
	at TRANSFORMER/arclight@1.20.4-1.0.4-80ec5df/org.bukkit.craftbukkit.v1_20_R3.scheduler.CraftAsyncTask.run(CraftAsyncTask.java:54)
	at java.base/java.util.concurrent.ThreadPoolExecutor.runWorker(ThreadPoolExecutor.java:1136)
	at java.base/java.util.concurrent.ThreadPoolExecutor$Worker.run(ThreadPoolExecutor.java:635)
	at java.base/java.lang.Thread.run(Thread.java:840)

[10-24 17:47:39]: [FINE] srko_dj logged in 81.51.51.115
[10-24 17:58:05]: [FINE] srko_dj logged in 81.51.51.115
[10-24 18:00:33]: [FINE] srko_dj logged in 81.51.51.115
[10-24 18:25:33]: [FINE] MrPatoBeurre registered 176.142.127.29
[10-24 18:25:33]: [FINE] MrPatoBeurre logged in 176.142.127.29
[10-24 18:52:45]: [INFO] AuthMe 5.6.0-bCUSTOM disabled!
[11-08 17:54:22]: [INFO] SQLite Setup finished
[11-08 17:54:22]: [INFO] Hooked into LuckPerms!
[11-08 17:54:22]: [INFO] Hooked successfully into Essentials
[11-08 17:54:22]: [INFO] Hooked successfully into Multiverse-Core
[11-08 17:54:22]: [INFO] Essentials spawn file not found: '/server/plugins/Essentials/spawn.yml'
[11-08 17:54:23]: [WARN] WARNING! The protectInventory feature requires ProtocolLib! Disabling it...
[11-08 17:54:23]: [INFO] AuthMe 5.6.0 build n.CUSTOM successfully enabled!
[11-08 17:54:24]: [INFO] Downloading GEO IP database, because the old database is older than 30 days or doesn't exist
[11-08 17:54:24]: [WARN] No MaxMind credentials found in the configuration file! GeoIp protections will be disabled.
[11-08 17:54:24]: [INFO] There is no newer GEO IP database uploaded to MaxMind. Using the old one for now.
[11-08 17:54:25]: [WARN] Could not download GeoLiteAPI database [FileNotFoundException]: plugins/AuthMe/GeoLite2-Country.mmdb (No such file or directory)
[11-08 17:54:25]: java.io.FileNotFoundException: plugins/AuthMe/GeoLite2-Country.mmdb (No such file or directory)
	at java.base/java.io.RandomAccessFile.open0(Native Method)
	at java.base/java.io.RandomAccessFile.open(RandomAccessFile.java:344)
	at java.base/java.io.RandomAccessFile.<init>(RandomAccessFile.java:259)
	at java.base/java.io.RandomAccessFile.<init>(RandomAccessFile.java:213)
	at fr.xephi.authme.libs.com.maxmind.db.BufferHolder.<init>(BufferHolder.java:20)
	at fr.xephi.authme.libs.com.maxmind.db.Reader.<init>(Reader.java:121)
	at fr.xephi.authme.service.GeoIpService.startReading(GeoIpService.java:179)
	at fr.xephi.authme.service.GeoIpService.updateDatabase(GeoIpService.java:150)
	at TRANSFORMER/arclight@1.20.4-1.0.4-80ec5df/org.bukkit.craftbukkit.v1_20_R3.scheduler.CraftTask.run(CraftTask.java:82)
	at TRANSFORMER/arclight@1.20.4-1.0.4-80ec5df/org.bukkit.craftbukkit.v1_20_R3.scheduler.CraftAsyncTask.run(CraftAsyncTask.java:54)
	at java.base/java.util.concurrent.ThreadPoolExecutor.runWorker(ThreadPoolExecutor.java:1136)
	at java.base/java.util.concurrent.ThreadPoolExecutor$Worker.run(ThreadPoolExecutor.java:635)
	at java.base/java.lang.Thread.run(Thread.java:840)

[11-08 17:56:14]: [FINE] srko_dj logged in 81.51.51.115
[11-08 19:20:20]: [INFO] AuthMe 5.6.0-bCUSTOM disabled!
[11-08 19:54:35]: [INFO] SQLite Setup finished
[11-08 19:54:36]: [INFO] Hooked into LuckPerms!
[11-08 19:54:36]: [INFO] Hooked successfully into Essentials
[11-08 19:54:36]: [INFO] Hooked successfully into Multiverse-Core
[11-08 19:54:36]: [INFO] Essentials spawn file not found: '/server/plugins/Essentials/spawn.yml'
[11-08 19:54:36]: [WARN] WARNING! The protectInventory feature requires ProtocolLib! Disabling it...
[11-08 19:54:36]: [INFO] AuthMe 5.6.0 build n.CUSTOM successfully enabled!
[11-08 19:54:40]: [INFO] Downloading GEO IP database, because the old database is older than 30 days or doesn't exist
[11-08 19:54:40]: [WARN] No MaxMind credentials found in the configuration file! GeoIp protections will be disabled.
[11-08 19:54:40]: [INFO] There is no newer GEO IP database uploaded to MaxMind. Using the old one for now.
[11-08 19:54:40]: [WARN] Could not download GeoLiteAPI database [FileNotFoundException]: plugins/AuthMe/GeoLite2-Country.mmdb (No such file or directory)
[11-08 19:54:40]: java.io.FileNotFoundException: plugins/AuthMe/GeoLite2-Country.mmdb (No such file or directory)
	at java.base/java.io.RandomAccessFile.open0(Native Method)
	at java.base/java.io.RandomAccessFile.open(RandomAccessFile.java:344)
	at java.base/java.io.RandomAccessFile.<init>(RandomAccessFile.java:259)
	at java.base/java.io.RandomAccessFile.<init>(RandomAccessFile.java:213)
	at fr.xephi.authme.libs.com.maxmind.db.BufferHolder.<init>(BufferHolder.java:20)
	at fr.xephi.authme.libs.com.maxmind.db.Reader.<init>(Reader.java:121)
	at fr.xephi.authme.service.GeoIpService.startReading(GeoIpService.java:179)
	at fr.xephi.authme.service.GeoIpService.updateDatabase(GeoIpService.java:150)
	at TRANSFORMER/arclight@1.20.4-1.0.4-80ec5df/org.bukkit.craftbukkit.v1_20_R3.scheduler.CraftTask.run(CraftTask.java:82)
	at TRANSFORMER/arclight@1.20.4-1.0.4-80ec5df/org.bukkit.craftbukkit.v1_20_R3.scheduler.CraftAsyncTask.run(CraftAsyncTask.java:54)
	at java.base/java.util.concurrent.ThreadPoolExecutor.runWorker(ThreadPoolExecutor.java:1136)
	at java.base/java.util.concurrent.ThreadPoolExecutor$Worker.run(ThreadPoolExecutor.java:635)
	at java.base/java.lang.Thread.run(Thread.java:840)

[11-08 19:56:55]: [FINE] srko_dj logged in 81.51.51.115
[11-08 20:48:15]: [INFO] AuthMe 5.6.0-bCUSTOM disabled!
[11-09 12:56:03]: [INFO] SQLite Setup finished
[11-09 12:56:03]: [INFO] Hooked into LuckPerms!
[11-09 12:56:03]: [INFO] Hooked successfully into Essentials
[11-09 12:56:03]: [INFO] Hooked successfully into Multiverse-Core
[11-09 12:56:03]: [INFO] Essentials spawn file not found: '/server/plugins/Essentials/spawn.yml'
[11-09 12:56:03]: [WARN] WARNING! The protectInventory feature requires ProtocolLib! Disabling it...
[11-09 12:56:04]: [INFO] AuthMe 5.6.0 build n.CUSTOM successfully enabled!
[11-09 12:56:07]: [INFO] Downloading GEO IP database, because the old database is older than 30 days or doesn't exist
[11-09 12:56:07]: [WARN] No MaxMind credentials found in the configuration file! GeoIp protections will be disabled.
[11-09 12:56:07]: [INFO] There is no newer GEO IP database uploaded to MaxMind. Using the old one for now.
[11-09 12:56:07]: [WARN] Could not download GeoLiteAPI database [FileNotFoundException]: plugins/AuthMe/GeoLite2-Country.mmdb (No such file or directory)
[11-09 12:56:07]: java.io.FileNotFoundException: plugins/AuthMe/GeoLite2-Country.mmdb (No such file or directory)
	at java.base/java.io.RandomAccessFile.open0(Native Method)
	at java.base/java.io.RandomAccessFile.open(RandomAccessFile.java:344)
	at java.base/java.io.RandomAccessFile.<init>(RandomAccessFile.java:259)
	at java.base/java.io.RandomAccessFile.<init>(RandomAccessFile.java:213)
	at fr.xephi.authme.libs.com.maxmind.db.BufferHolder.<init>(BufferHolder.java:20)
	at fr.xephi.authme.libs.com.maxmind.db.Reader.<init>(Reader.java:121)
	at fr.xephi.authme.service.GeoIpService.startReading(GeoIpService.java:179)
	at fr.xephi.authme.service.GeoIpService.updateDatabase(GeoIpService.java:150)
	at TRANSFORMER/arclight@1.20.4-1.0.4-80ec5df/org.bukkit.craftbukkit.v1_20_R3.scheduler.CraftTask.run(CraftTask.java:82)
	at TRANSFORMER/arclight@1.20.4-1.0.4-80ec5df/org.bukkit.craftbukkit.v1_20_R3.scheduler.CraftAsyncTask.run(CraftAsyncTask.java:54)
	at java.base/java.util.concurrent.ThreadPoolExecutor.runWorker(ThreadPoolExecutor.java:1136)
	at java.base/java.util.concurrent.ThreadPoolExecutor$Worker.run(ThreadPoolExecutor.java:635)
	at java.base/java.lang.Thread.run(Thread.java:840)

[11-09 13:06:31]: [FINE] srko_dj logged in 81.51.51.115
[11-09 13:22:03]: [INFO] AuthMe 5.6.0-bCUSTOM disabled!
[11-09 13:29:57]: [INFO] SQLite Setup finished
[11-09 13:29:57]: [INFO] Hooked into LuckPerms!
[11-09 13:29:57]: [INFO] Hooked successfully into Essentials
[11-09 13:29:57]: [INFO] Hooked successfully into Multiverse-Core
[11-09 13:29:57]: [INFO] Essentials spawn file not found: '/server/plugins/Essentials/spawn.yml'
[11-09 13:29:57]: [WARN] WARNING! The protectInventory feature requires ProtocolLib! Disabling it...
[11-09 13:29:58]: [INFO] AuthMe 5.6.0 build n.CUSTOM successfully enabled!
[11-09 13:30:19]: [INFO] Downloading GEO IP database, because the old database is older than 30 days or doesn't exist
[11-09 13:30:19]: [WARN] No MaxMind credentials found in the configuration file! GeoIp protections will be disabled.
[11-09 13:30:19]: [INFO] There is no newer GEO IP database uploaded to MaxMind. Using the old one for now.
[11-09 13:30:19]: [WARN] Could not download GeoLiteAPI database [FileNotFoundException]: plugins/AuthMe/GeoLite2-Country.mmdb (No such file or directory)
[11-09 13:30:19]: java.io.FileNotFoundException: plugins/AuthMe/GeoLite2-Country.mmdb (No such file or directory)
	at java.base/java.io.RandomAccessFile.open0(Native Method)
	at java.base/java.io.RandomAccessFile.open(RandomAccessFile.java:344)
	at java.base/java.io.RandomAccessFile.<init>(RandomAccessFile.java:259)
	at java.base/java.io.RandomAccessFile.<init>(RandomAccessFile.java:213)
	at fr.xephi.authme.libs.com.maxmind.db.BufferHolder.<init>(BufferHolder.java:20)
	at fr.xephi.authme.libs.com.maxmind.db.Reader.<init>(Reader.java:121)
	at fr.xephi.authme.service.GeoIpService.startReading(GeoIpService.java:179)
	at fr.xephi.authme.service.GeoIpService.updateDatabase(GeoIpService.java:150)
	at TRANSFORMER/arclight@1.20.4-1.0.4-80ec5df/org.bukkit.craftbukkit.v1_20_R3.scheduler.CraftTask.run(CraftTask.java:82)
	at TRANSFORMER/arclight@1.20.4-1.0.4-80ec5df/org.bukkit.craftbukkit.v1_20_R3.scheduler.CraftAsyncTask.run(CraftAsyncTask.java:54)
	at java.base/java.util.concurrent.ThreadPoolExecutor.runWorker(ThreadPoolExecutor.java:1136)
	at java.base/java.util.concurrent.ThreadPoolExecutor$Worker.run(ThreadPoolExecutor.java:635)
	at java.base/java.lang.Thread.run(Thread.java:840)

[11-09 13:30:45]: [FINE] srko_dj logged in 81.51.51.115
[11-09 13:55:03]: [FINE] Laitusse registered 37.67.44.184
[11-09 13:55:03]: [FINE] Laitusse logged in 37.67.44.184
[11-09 15:06:11]: [INFO] AuthMe 5.6.0-bCUSTOM disabled!
[11-09 15:20:08]: [INFO] SQLite Setup finished
[11-09 15:20:08]: [INFO] Hooked into LuckPerms!
[11-09 15:20:09]: [INFO] Hooked successfully into Essentials
[11-09 15:20:09]: [INFO] Hooked successfully into Multiverse-Core
[11-09 15:20:09]: [INFO] Essentials spawn file not found: '/server/plugins/Essentials/spawn.yml'
[11-09 15:20:09]: [WARN] WARNING! The protectInventory feature requires ProtocolLib! Disabling it...
[11-09 15:20:09]: [INFO] AuthMe 5.6.0 build n.CUSTOM successfully enabled!
[11-09 15:20:14]: [INFO] Downloading GEO IP database, because the old database is older than 30 days or doesn't exist
[11-09 15:20:14]: [WARN] No MaxMind credentials found in the configuration file! GeoIp protections will be disabled.
[11-09 15:20:14]: [INFO] There is no newer GEO IP database uploaded to MaxMind. Using the old one for now.
[11-09 15:20:14]: [WARN] Could not download GeoLiteAPI database [FileNotFoundException]: plugins/AuthMe/GeoLite2-Country.mmdb (No such file or directory)
[11-09 15:20:14]: java.io.FileNotFoundException: plugins/AuthMe/GeoLite2-Country.mmdb (No such file or directory)
	at java.base/java.io.RandomAccessFile.open0(Native Method)
	at java.base/java.io.RandomAccessFile.open(RandomAccessFile.java:344)
	at java.base/java.io.RandomAccessFile.<init>(RandomAccessFile.java:259)
	at java.base/java.io.RandomAccessFile.<init>(RandomAccessFile.java:213)
	at fr.xephi.authme.libs.com.maxmind.db.BufferHolder.<init>(BufferHolder.java:20)
	at fr.xephi.authme.libs.com.maxmind.db.Reader.<init>(Reader.java:121)
	at fr.xephi.authme.service.GeoIpService.startReading(GeoIpService.java:179)
	at fr.xephi.authme.service.GeoIpService.updateDatabase(GeoIpService.java:150)
	at TRANSFORMER/arclight@1.20.4-1.0.4-80ec5df/org.bukkit.craftbukkit.v1_20_R3.scheduler.CraftTask.run(CraftTask.java:82)
	at TRANSFORMER/arclight@1.20.4-1.0.4-80ec5df/org.bukkit.craftbukkit.v1_20_R3.scheduler.CraftAsyncTask.run(CraftAsyncTask.java:54)
	at java.base/java.util.concurrent.ThreadPoolExecutor.runWorker(ThreadPoolExecutor.java:1136)
	at java.base/java.util.concurrent.ThreadPoolExecutor$Worker.run(ThreadPoolExecutor.java:635)
	at java.base/java.lang.Thread.run(Thread.java:840)

[11-09 15:21:07]: [FINE] srko_dj logged in 81.51.51.115
[11-09 15:22:56]: [INFO] AuthMe 5.6.0-bCUSTOM disabled!
[11-09 15:26:44]: [INFO] SQLite Setup finished
[11-09 15:26:45]: [INFO] Hooked into LuckPerms!
[11-09 15:26:45]: [INFO] Hooked successfully into Essentials
[11-09 15:26:45]: [INFO] Hooked successfully into Multiverse-Core
[11-09 15:26:45]: [INFO] Essentials spawn file not found: '/server/plugins/Essentials/spawn.yml'
[11-09 15:26:45]: [WARN] WARNING! The protectInventory feature requires ProtocolLib! Disabling it...
[11-09 15:26:45]: [INFO] AuthMe 5.6.0 build n.CUSTOM successfully enabled!
[11-09 15:26:49]: [INFO] Downloading GEO IP database, because the old database is older than 30 days or doesn't exist
[11-09 15:26:49]: [WARN] No MaxMind credentials found in the configuration file! GeoIp protections will be disabled.
[11-09 15:26:49]: [INFO] There is no newer GEO IP database uploaded to MaxMind. Using the old one for now.
[11-09 15:26:49]: [WARN] Could not download GeoLiteAPI database [FileNotFoundException]: plugins/AuthMe/GeoLite2-Country.mmdb (No such file or directory)
[11-09 15:26:49]: java.io.FileNotFoundException: plugins/AuthMe/GeoLite2-Country.mmdb (No such file or directory)
	at java.base/java.io.RandomAccessFile.open0(Native Method)
	at java.base/java.io.RandomAccessFile.open(RandomAccessFile.java:344)
	at java.base/java.io.RandomAccessFile.<init>(RandomAccessFile.java:259)
	at java.base/java.io.RandomAccessFile.<init>(RandomAccessFile.java:213)
	at fr.xephi.authme.libs.com.maxmind.db.BufferHolder.<init>(BufferHolder.java:20)
	at fr.xephi.authme.libs.com.maxmind.db.Reader.<init>(Reader.java:121)
	at fr.xephi.authme.service.GeoIpService.startReading(GeoIpService.java:179)
	at fr.xephi.authme.service.GeoIpService.updateDatabase(GeoIpService.java:150)
	at TRANSFORMER/arclight@1.20.4-1.0.4-80ec5df/org.bukkit.craftbukkit.v1_20_R3.scheduler.CraftTask.run(CraftTask.java:82)
	at TRANSFORMER/arclight@1.20.4-1.0.4-80ec5df/org.bukkit.craftbukkit.v1_20_R3.scheduler.CraftAsyncTask.run(CraftAsyncTask.java:54)
	at java.base/java.util.concurrent.ThreadPoolExecutor.runWorker(ThreadPoolExecutor.java:1136)
	at java.base/java.util.concurrent.ThreadPoolExecutor$Worker.run(ThreadPoolExecutor.java:635)
	at java.base/java.lang.Thread.run(Thread.java:840)

[11-09 15:32:48]: [INFO] AuthMe 5.6.0-bCUSTOM disabled!
[11-09 15:44:43]: [INFO] SQLite Setup finished
[11-09 15:44:43]: [INFO] Hooked into LuckPerms!
[11-09 15:44:43]: [INFO] Hooked successfully into Essentials
[11-09 15:44:43]: [INFO] Hooked successfully into Multiverse-Core
[11-09 15:44:43]: [INFO] Essentials spawn file not found: '/server/plugins/Essentials/spawn.yml'
[11-09 15:44:43]: [WARN] WARNING! The protectInventory feature requires ProtocolLib! Disabling it...
[11-09 15:44:44]: [INFO] AuthMe 5.6.0 build n.CUSTOM successfully enabled!
[11-09 15:44:47]: [INFO] Downloading GEO IP database, because the old database is older than 30 days or doesn't exist
[11-09 15:44:47]: [WARN] No MaxMind credentials found in the configuration file! GeoIp protections will be disabled.
[11-09 15:44:47]: [INFO] There is no newer GEO IP database uploaded to MaxMind. Using the old one for now.
[11-09 15:44:47]: [WARN] Could not download GeoLiteAPI database [FileNotFoundException]: plugins/AuthMe/GeoLite2-Country.mmdb (No such file or directory)
[11-09 15:44:47]: java.io.FileNotFoundException: plugins/AuthMe/GeoLite2-Country.mmdb (No such file or directory)
	at java.base/java.io.RandomAccessFile.open0(Native Method)
	at java.base/java.io.RandomAccessFile.open(RandomAccessFile.java:344)
	at java.base/java.io.RandomAccessFile.<init>(RandomAccessFile.java:259)
	at java.base/java.io.RandomAccessFile.<init>(RandomAccessFile.java:213)
	at fr.xephi.authme.libs.com.maxmind.db.BufferHolder.<init>(BufferHolder.java:20)
	at fr.xephi.authme.libs.com.maxmind.db.Reader.<init>(Reader.java:121)
	at fr.xephi.authme.service.GeoIpService.startReading(GeoIpService.java:179)
	at fr.xephi.authme.service.GeoIpService.updateDatabase(GeoIpService.java:150)
	at TRANSFORMER/arclight@1.20.4-1.0.4-80ec5df/org.bukkit.craftbukkit.v1_20_R3.scheduler.CraftTask.run(CraftTask.java:82)
	at TRANSFORMER/arclight@1.20.4-1.0.4-80ec5df/org.bukkit.craftbukkit.v1_20_R3.scheduler.CraftAsyncTask.run(CraftAsyncTask.java:54)
	at java.base/java.util.concurrent.ThreadPoolExecutor.runWorker(ThreadPoolExecutor.java:1136)
	at java.base/java.util.concurrent.ThreadPoolExecutor$Worker.run(ThreadPoolExecutor.java:635)
	at java.base/java.lang.Thread.run(Thread.java:840)

[11-09 15:45:58]: [INFO] AuthMe 5.6.0-bCUSTOM disabled!
[11-09 15:53:22]: [INFO] SQLite Setup finished
[11-09 15:53:22]: [INFO] Hooked into LuckPerms!
[11-09 15:53:22]: [INFO] Hooked successfully into Essentials
[11-09 15:53:22]: [INFO] Hooked successfully into Multiverse-Core
[11-09 15:53:22]: [INFO] Essentials spawn file not found: '/server/plugins/Essentials/spawn.yml'
[11-09 15:53:22]: [WARN] WARNING! The protectInventory feature requires ProtocolLib! Disabling it...
[11-09 15:53:23]: [INFO] AuthMe 5.6.0 build n.CUSTOM successfully enabled!
[11-09 15:53:32]: [INFO] Downloading GEO IP database, because the old database is older than 30 days or doesn't exist
[11-09 15:53:32]: [WARN] No MaxMind credentials found in the configuration file! GeoIp protections will be disabled.
[11-09 15:53:32]: [INFO] There is no newer GEO IP database uploaded to MaxMind. Using the old one for now.
[11-09 15:53:32]: [WARN] Could not download GeoLiteAPI database [FileNotFoundException]: plugins/AuthMe/GeoLite2-Country.mmdb (No such file or directory)
[11-09 15:53:32]: java.io.FileNotFoundException: plugins/AuthMe/GeoLite2-Country.mmdb (No such file or directory)
	at java.base/java.io.RandomAccessFile.open0(Native Method)
	at java.base/java.io.RandomAccessFile.open(RandomAccessFile.java:344)
	at java.base/java.io.RandomAccessFile.<init>(RandomAccessFile.java:259)
	at java.base/java.io.RandomAccessFile.<init>(RandomAccessFile.java:213)
	at fr.xephi.authme.libs.com.maxmind.db.BufferHolder.<init>(BufferHolder.java:20)
	at fr.xephi.authme.libs.com.maxmind.db.Reader.<init>(Reader.java:121)
	at fr.xephi.authme.service.GeoIpService.startReading(GeoIpService.java:179)
	at fr.xephi.authme.service.GeoIpService.updateDatabase(GeoIpService.java:150)
	at TRANSFORMER/arclight@1.20.4-1.0.4-80ec5df/org.bukkit.craftbukkit.v1_20_R3.scheduler.CraftTask.run(CraftTask.java:82)
	at TRANSFORMER/arclight@1.20.4-1.0.4-80ec5df/org.bukkit.craftbukkit.v1_20_R3.scheduler.CraftAsyncTask.run(CraftAsyncTask.java:54)
	at java.base/java.util.concurrent.ThreadPoolExecutor.runWorker(ThreadPoolExecutor.java:1136)
	at java.base/java.util.concurrent.ThreadPoolExecutor$Worker.run(ThreadPoolExecutor.java:635)
	at java.base/java.lang.Thread.run(Thread.java:840)

[11-09 15:54:44]: [FINE] srko_dj logged in 81.51.51.115
[11-09 16:27:08]: [INFO] AuthMe 5.6.0-bCUSTOM disabled!
[11-09 16:27:30]: [INFO] SQLite Setup finished
[11-09 16:27:30]: [INFO] Hooked into LuckPerms!
[11-09 16:27:30]: [INFO] Hooked successfully into Essentials
[11-09 16:27:30]: [INFO] Hooked successfully into Multiverse-Core
[11-09 16:27:30]: [INFO] Essentials spawn file not found: '/server/plugins/Essentials/spawn.yml'
[11-09 16:27:30]: [WARN] WARNING! The protectInventory feature requires ProtocolLib! Disabling it...
[11-09 16:27:30]: [INFO] AuthMe 5.6.0 build n.CUSTOM successfully enabled!
[11-09 16:27:32]: [INFO] Downloading GEO IP database, because the old database is older than 30 days or doesn't exist
[11-09 16:27:32]: [WARN] No MaxMind credentials found in the configuration file! GeoIp protections will be disabled.
[11-09 16:27:32]: [INFO] There is no newer GEO IP database uploaded to MaxMind. Using the old one for now.
[11-09 16:27:32]: [WARN] Could not download GeoLiteAPI database [FileNotFoundException]: plugins/AuthMe/GeoLite2-Country.mmdb (No such file or directory)
[11-09 16:27:32]: java.io.FileNotFoundException: plugins/AuthMe/GeoLite2-Country.mmdb (No such file or directory)
	at java.base/java.io.RandomAccessFile.open0(Native Method)
	at java.base/java.io.RandomAccessFile.open(RandomAccessFile.java:344)
	at java.base/java.io.RandomAccessFile.<init>(RandomAccessFile.java:259)
	at java.base/java.io.RandomAccessFile.<init>(RandomAccessFile.java:213)
	at fr.xephi.authme.libs.com.maxmind.db.BufferHolder.<init>(BufferHolder.java:20)
	at fr.xephi.authme.libs.com.maxmind.db.Reader.<init>(Reader.java:121)
	at fr.xephi.authme.service.GeoIpService.startReading(GeoIpService.java:179)
	at fr.xephi.authme.service.GeoIpService.updateDatabase(GeoIpService.java:150)
	at TRANSFORMER/arclight@1.20.4-1.0.4-80ec5df/org.bukkit.craftbukkit.v1_20_R3.scheduler.CraftTask.run(CraftTask.java:82)
	at TRANSFORMER/arclight@1.20.4-1.0.4-80ec5df/org.bukkit.craftbukkit.v1_20_R3.scheduler.CraftAsyncTask.run(CraftAsyncTask.java:54)
	at java.base/java.util.concurrent.ThreadPoolExecutor.runWorker(ThreadPoolExecutor.java:1136)
	at java.base/java.util.concurrent.ThreadPoolExecutor$Worker.run(ThreadPoolExecutor.java:635)
	at java.base/java.lang.Thread.run(Thread.java:840)

[11-09 16:27:33]: [INFO] AuthMe 5.6.0-bCUSTOM disabled!
[11-09 16:28:52]: [INFO] SQLite Setup finished
[11-09 16:28:52]: [INFO] Hooked into LuckPerms!
[11-09 16:28:52]: [INFO] Hooked successfully into Essentials
[11-09 16:28:52]: [INFO] Hooked successfully into Multiverse-Core
[11-09 16:28:52]: [INFO] Essentials spawn file not found: '/server/plugins/Essentials/spawn.yml'
[11-09 16:28:53]: [WARN] WARNING! The protectInventory feature requires ProtocolLib! Disabling it...
[11-09 16:28:53]: [INFO] AuthMe 5.6.0 build n.CUSTOM successfully enabled!
[11-09 16:29:01]: [INFO] Downloading GEO IP database, because the old database is older than 30 days or doesn't exist
[11-09 16:29:01]: [WARN] No MaxMind credentials found in the configuration file! GeoIp protections will be disabled.
[11-09 16:29:01]: [INFO] There is no newer GEO IP database uploaded to MaxMind. Using the old one for now.
[11-09 16:29:01]: [WARN] Could not download GeoLiteAPI database [FileNotFoundException]: plugins/AuthMe/GeoLite2-Country.mmdb (No such file or directory)
[11-09 16:29:01]: java.io.FileNotFoundException: plugins/AuthMe/GeoLite2-Country.mmdb (No such file or directory)
	at java.base/java.io.RandomAccessFile.open0(Native Method)
	at java.base/java.io.RandomAccessFile.open(RandomAccessFile.java:344)
	at java.base/java.io.RandomAccessFile.<init>(RandomAccessFile.java:259)
	at java.base/java.io.RandomAccessFile.<init>(RandomAccessFile.java:213)
	at fr.xephi.authme.libs.com.maxmind.db.BufferHolder.<init>(BufferHolder.java:20)
	at fr.xephi.authme.libs.com.maxmind.db.Reader.<init>(Reader.java:121)
	at fr.xephi.authme.service.GeoIpService.startReading(GeoIpService.java:179)
	at fr.xephi.authme.service.GeoIpService.updateDatabase(GeoIpService.java:150)
	at TRANSFORMER/arclight@1.20.4-1.0.4-80ec5df/org.bukkit.craftbukkit.v1_20_R3.scheduler.CraftTask.run(CraftTask.java:82)
	at TRANSFORMER/arclight@1.20.4-1.0.4-80ec5df/org.bukkit.craftbukkit.v1_20_R3.scheduler.CraftAsyncTask.run(CraftAsyncTask.java:54)
	at java.base/java.util.concurrent.ThreadPoolExecutor.runWorker(ThreadPoolExecutor.java:1136)
	at java.base/java.util.concurrent.ThreadPoolExecutor$Worker.run(ThreadPoolExecutor.java:635)
	at java.base/java.lang.Thread.run(Thread.java:840)

[11-09 16:29:42]: [FINE] srko_dj logged in 81.51.51.115
[11-09 16:41:33]: [INFO] AuthMe 5.6.0-bCUSTOM disabled!
