[2024-11-09 16:29:01][INFO] Loading resources...
[2024-11-09 16:29:01][FINE] Loading resources from: mods/Terralith_1.20.x_v2.5.4.jar ...
[2024-11-09 16:29:01][FINE] Loading resources from: mods/BlueMap-5.3-forge-1.20.jar ...
[2024-11-09 16:29:01][FINE] Loading resources from: mods/villagernames-1.20.4-7.3.jar ...
[2024-11-09 16:29:01][FINE] Loading resources from: mods/Nullscape_1.20.x_v1.2.8.jar ...
[2024-11-09 16:29:01][FINE] Loading resources from: mods/Incendium_1.20.x_v5.3.5.jar ...
[2024-11-09 16:29:01][FINE] Loading resources from: mods/DungeonsArise-1.20.x-2.1.58-release.jar ...
[2024-11-09 16:29:01][FINE] Loading resources from: mods/collective-1.20.4-7.64.jar ...
[2024-11-09 16:29:01][FINE] Loading resources from: mods/DungeonsAriseSevenSeas-1.20.x-1.0.2-forge.jar ...
[2024-11-09 16:29:01][FINE] Loading resources from: mods/mes-1.3.1-1.20-forge.jar ...
[2024-11-09 16:29:01][FINE] Loading resources from: mods/justmobheads-1.20.4-7.8.jar ...
[2024-11-09 16:29:01][FINE] Loading resources from: mods/Structory_1.20.x_v1.3.5.jar ...
[2024-11-09 16:29:01][FINE] Loading resources from: bluemap/resourceExtensions.zip ...
[2024-11-09 16:29:01][FINE] Loading resources from: bluemap/minecraft-client-1.20.4.jar ...
[2024-11-09 16:29:02][INFO] Loading textures...
[2024-11-09 16:29:02][FINE] Loading textures from: mods/Terralith_1.20.x_v2.5.4.jar ...
[2024-11-09 16:29:02][FINE] Loading textures from: mods/BlueMap-5.3-forge-1.20.jar ...
[2024-11-09 16:29:02][FINE] Loading textures from: mods/villagernames-1.20.4-7.3.jar ...
[2024-11-09 16:29:02][FINE] Loading textures from: mods/Nullscape_1.20.x_v1.2.8.jar ...
[2024-11-09 16:29:02][FINE] Loading textures from: mods/Incendium_1.20.x_v5.3.5.jar ...
[2024-11-09 16:29:02][FINE] Loading textures from: mods/DungeonsArise-1.20.x-2.1.58-release.jar ...
[2024-11-09 16:29:02][FINE] Loading textures from: mods/collective-1.20.4-7.64.jar ...
[2024-11-09 16:29:02][FINE] Loading textures from: mods/DungeonsAriseSevenSeas-1.20.x-1.0.2-forge.jar ...
[2024-11-09 16:29:02][FINE] Loading textures from: mods/mes-1.3.1-1.20-forge.jar ...
[2024-11-09 16:29:02][FINE] Loading textures from: mods/justmobheads-1.20.4-7.8.jar ...
[2024-11-09 16:29:02][FINE] Loading textures from: mods/Structory_1.20.x_v1.3.5.jar ...
[2024-11-09 16:29:02][FINE] Loading textures from: bluemap/resourceExtensions.zip ...
[2024-11-09 16:29:02][FINE] Loading textures from: bluemap/minecraft-client-1.20.4.jar ...
[2024-11-09 16:29:03][INFO] Baking resources...
[2024-11-09 16:29:03][INFO] Resources loaded.
[2024-11-09 16:29:03][FINE] Loading world world#minecraft:village ...
[2024-11-09 16:29:03][FINE] Loading datapack...
[2024-11-09 16:29:03][FINE] Loading datapack from: mods/Terralith_1.20.x_v2.5.4.jar ...
[2024-11-09 16:29:03][FINE] Loading datapack from: mods/BlueMap-5.3-forge-1.20.jar ...
[2024-11-09 16:29:03][FINE] Loading datapack from: mods/villagernames-1.20.4-7.3.jar ...
[2024-11-09 16:29:03][FINE] Loading datapack from: mods/Nullscape_1.20.x_v1.2.8.jar ...
[2024-11-09 16:29:03][FINE] Loading datapack from: mods/Incendium_1.20.x_v5.3.5.jar ...
[2024-11-09 16:29:03][FINE] Loading datapack from: mods/DungeonsArise-1.20.x-2.1.58-release.jar ...
[2024-11-09 16:29:03][FINE] Loading datapack from: mods/collective-1.20.4-7.64.jar ...
[2024-11-09 16:29:03][FINE] Loading datapack from: mods/DungeonsAriseSevenSeas-1.20.x-1.0.2-forge.jar ...
[2024-11-09 16:29:03][FINE] Loading datapack from: mods/mes-1.3.1-1.20-forge.jar ...
[2024-11-09 16:29:03][FINE] Loading datapack from: mods/justmobheads-1.20.4-7.8.jar ...
[2024-11-09 16:29:03][FINE] Loading datapack from: mods/Structory_1.20.x_v1.3.5.jar ...
[2024-11-09 16:29:03][FINE] Loading datapack from: bluemap/resourceExtensions.zip ...
[2024-11-09 16:29:03][FINE] Loading datapack from: bluemap/minecraft-client-1.20.4.jar ...
[2024-11-09 16:29:03][FINE] Baking datapack...
[2024-11-09 16:29:03][FINE] Datapack loaded.
[2024-11-09 16:29:04][WARNING] The level-data does not contain any dimension with the id 'minecraft:village', using fallback.
[2024-11-09 16:29:04][INFO] Initializing Storage: 'file' (Type: 'bluemap:file')
[2024-11-09 16:29:04][INFO] Loading map 'world_village'...
[2024-11-09 16:29:04][FINE] Loading render-state for map 'world_village'
[2024-11-09 16:29:04][FINE] Loading textures for map 'world_village'
[2024-11-09 16:29:04][FINE] Loading world world#minecraft:overworld ...
[2024-11-09 16:29:04][FINE] Loading datapack...
[2024-11-09 16:29:04][FINE] Loading datapack from: mods/Terralith_1.20.x_v2.5.4.jar ...
[2024-11-09 16:29:04][FINE] Loading datapack from: mods/BlueMap-5.3-forge-1.20.jar ...
[2024-11-09 16:29:04][FINE] Loading datapack from: mods/villagernames-1.20.4-7.3.jar ...
[2024-11-09 16:29:04][FINE] Loading datapack from: mods/Nullscape_1.20.x_v1.2.8.jar ...
[2024-11-09 16:29:04][FINE] Loading datapack from: mods/Incendium_1.20.x_v5.3.5.jar ...
[2024-11-09 16:29:04][FINE] Loading datapack from: mods/DungeonsArise-1.20.x-2.1.58-release.jar ...
[2024-11-09 16:29:04][FINE] Loading datapack from: mods/collective-1.20.4-7.64.jar ...
[2024-11-09 16:29:04][FINE] Loading datapack from: mods/DungeonsAriseSevenSeas-1.20.x-1.0.2-forge.jar ...
[2024-11-09 16:29:04][FINE] Loading datapack from: mods/mes-1.3.1-1.20-forge.jar ...
[2024-11-09 16:29:04][FINE] Loading datapack from: mods/justmobheads-1.20.4-7.8.jar ...
[2024-11-09 16:29:04][FINE] Loading datapack from: mods/Structory_1.20.x_v1.3.5.jar ...
[2024-11-09 16:29:04][FINE] Loading datapack from: bluemap/resourceExtensions.zip ...
[2024-11-09 16:29:04][FINE] Loading datapack from: bluemap/minecraft-client-1.20.4.jar ...
[2024-11-09 16:29:04][FINE] Baking datapack...
[2024-11-09 16:29:04][FINE] Datapack loaded.
[2024-11-09 16:29:04][INFO] Loading map 'world'...
[2024-11-09 16:29:04][FINE] Loading render-state for map 'world'
[2024-11-09 16:29:04][FINE] Loading textures for map 'world'
[2024-11-09 16:29:04][FINE] Loading world world#minecraft:the_end ...
[2024-11-09 16:29:04][FINE] Loading datapack...
[2024-11-09 16:29:04][FINE] Loading datapack from: mods/Terralith_1.20.x_v2.5.4.jar ...
[2024-11-09 16:29:04][FINE] Loading datapack from: mods/BlueMap-5.3-forge-1.20.jar ...
[2024-11-09 16:29:04][FINE] Loading datapack from: mods/villagernames-1.20.4-7.3.jar ...
[2024-11-09 16:29:04][FINE] Loading datapack from: mods/Nullscape_1.20.x_v1.2.8.jar ...
[2024-11-09 16:29:04][FINE] Loading datapack from: mods/Incendium_1.20.x_v5.3.5.jar ...
[2024-11-09 16:29:04][FINE] Loading datapack from: mods/DungeonsArise-1.20.x-2.1.58-release.jar ...
[2024-11-09 16:29:04][FINE] Loading datapack from: mods/collective-1.20.4-7.64.jar ...
[2024-11-09 16:29:04][FINE] Loading datapack from: mods/DungeonsAriseSevenSeas-1.20.x-1.0.2-forge.jar ...
[2024-11-09 16:29:04][FINE] Loading datapack from: mods/mes-1.3.1-1.20-forge.jar ...
[2024-11-09 16:29:04][FINE] Loading datapack from: mods/justmobheads-1.20.4-7.8.jar ...
[2024-11-09 16:29:04][FINE] Loading datapack from: mods/Structory_1.20.x_v1.3.5.jar ...
[2024-11-09 16:29:04][FINE] Loading datapack from: bluemap/resourceExtensions.zip ...
[2024-11-09 16:29:04][FINE] Loading datapack from: bluemap/minecraft-client-1.20.4.jar ...
[2024-11-09 16:29:04][FINE] Baking datapack...
[2024-11-09 16:29:04][FINE] Datapack loaded.
[2024-11-09 16:29:04][INFO] Loading map 'world_the_end'...
[2024-11-09 16:29:04][FINE] Loading render-state for map 'world_the_end'
[2024-11-09 16:29:04][FINE] Loading textures for map 'world_the_end'
[2024-11-09 16:29:04][FINE] Loading world world#minecraft:lobby/dim-1 ...
[2024-11-09 16:29:04][FINE] Loading datapack...
[2024-11-09 16:29:04][FINE] Loading datapack from: mods/Terralith_1.20.x_v2.5.4.jar ...
[2024-11-09 16:29:04][FINE] Loading datapack from: mods/BlueMap-5.3-forge-1.20.jar ...
[2024-11-09 16:29:04][FINE] Loading datapack from: mods/villagernames-1.20.4-7.3.jar ...
[2024-11-09 16:29:04][FINE] Loading datapack from: mods/Nullscape_1.20.x_v1.2.8.jar ...
[2024-11-09 16:29:04][FINE] Loading datapack from: mods/Incendium_1.20.x_v5.3.5.jar ...
[2024-11-09 16:29:04][FINE] Loading datapack from: mods/DungeonsArise-1.20.x-2.1.58-release.jar ...
[2024-11-09 16:29:04][FINE] Loading datapack from: mods/collective-1.20.4-7.64.jar ...
[2024-11-09 16:29:04][FINE] Loading datapack from: mods/DungeonsAriseSevenSeas-1.20.x-1.0.2-forge.jar ...
[2024-11-09 16:29:04][FINE] Loading datapack from: mods/mes-1.3.1-1.20-forge.jar ...
[2024-11-09 16:29:04][FINE] Loading datapack from: mods/justmobheads-1.20.4-7.8.jar ...
[2024-11-09 16:29:04][FINE] Loading datapack from: mods/Structory_1.20.x_v1.3.5.jar ...
[2024-11-09 16:29:04][FINE] Loading datapack from: bluemap/resourceExtensions.zip ...
[2024-11-09 16:29:04][FINE] Loading datapack from: bluemap/minecraft-client-1.20.4.jar ...
[2024-11-09 16:29:04][FINE] Baking datapack...
[2024-11-09 16:29:04][FINE] Datapack loaded.
[2024-11-09 16:29:04][WARNING] The level-data does not contain any dimension with the id 'minecraft:lobby/dim-1', using fallback.
[2024-11-09 16:29:04][INFO] Loading map 'world_lobby_dim_1'...
[2024-11-09 16:29:04][FINE] Loading render-state for map 'world_lobby_dim_1'
[2024-11-09 16:29:04][FINE] Loading textures for map 'world_lobby_dim_1'
[2024-11-09 16:29:04][FINE] Loading world world#minecraft:the_nether ...
[2024-11-09 16:29:04][FINE] Loading datapack...
[2024-11-09 16:29:04][FINE] Loading datapack from: mods/Terralith_1.20.x_v2.5.4.jar ...
[2024-11-09 16:29:04][FINE] Loading datapack from: mods/BlueMap-5.3-forge-1.20.jar ...
[2024-11-09 16:29:04][FINE] Loading datapack from: mods/villagernames-1.20.4-7.3.jar ...
[2024-11-09 16:29:04][FINE] Loading datapack from: mods/Nullscape_1.20.x_v1.2.8.jar ...
[2024-11-09 16:29:04][FINE] Loading datapack from: mods/Incendium_1.20.x_v5.3.5.jar ...
[2024-11-09 16:29:04][FINE] Loading datapack from: mods/DungeonsArise-1.20.x-2.1.58-release.jar ...
[2024-11-09 16:29:04][FINE] Loading datapack from: mods/collective-1.20.4-7.64.jar ...
[2024-11-09 16:29:04][FINE] Loading datapack from: mods/DungeonsAriseSevenSeas-1.20.x-1.0.2-forge.jar ...
[2024-11-09 16:29:04][FINE] Loading datapack from: mods/mes-1.3.1-1.20-forge.jar ...
[2024-11-09 16:29:04][FINE] Loading datapack from: mods/justmobheads-1.20.4-7.8.jar ...
[2024-11-09 16:29:04][FINE] Loading datapack from: mods/Structory_1.20.x_v1.3.5.jar ...
[2024-11-09 16:29:04][FINE] Loading datapack from: bluemap/resourceExtensions.zip ...
[2024-11-09 16:29:04][FINE] Loading datapack from: bluemap/minecraft-client-1.20.4.jar ...
[2024-11-09 16:29:04][FINE] Baking datapack...
[2024-11-09 16:29:04][FINE] Datapack loaded.
[2024-11-09 16:29:04][INFO] Loading map 'world_the_nether'...
[2024-11-09 16:29:04][FINE] Loading render-state for map 'world_the_nether'
[2024-11-09 16:29:04][FINE] Loading textures for map 'world_the_nether'
[2024-11-09 16:29:04][FINE] Loading world world#minecraft:lobby ...
[2024-11-09 16:29:04][FINE] Loading datapack...
[2024-11-09 16:29:04][FINE] Loading datapack from: mods/Terralith_1.20.x_v2.5.4.jar ...
[2024-11-09 16:29:04][FINE] Loading datapack from: mods/BlueMap-5.3-forge-1.20.jar ...
[2024-11-09 16:29:04][FINE] Loading datapack from: mods/villagernames-1.20.4-7.3.jar ...
[2024-11-09 16:29:04][FINE] Loading datapack from: mods/Nullscape_1.20.x_v1.2.8.jar ...
[2024-11-09 16:29:04][FINE] Loading datapack from: mods/Incendium_1.20.x_v5.3.5.jar ...
[2024-11-09 16:29:04][FINE] Loading datapack from: mods/DungeonsArise-1.20.x-2.1.58-release.jar ...
[2024-11-09 16:29:04][FINE] Loading datapack from: mods/collective-1.20.4-7.64.jar ...
[2024-11-09 16:29:04][FINE] Loading datapack from: mods/DungeonsAriseSevenSeas-1.20.x-1.0.2-forge.jar ...
[2024-11-09 16:29:04][FINE] Loading datapack from: mods/mes-1.3.1-1.20-forge.jar ...
[2024-11-09 16:29:04][FINE] Loading datapack from: mods/justmobheads-1.20.4-7.8.jar ...
[2024-11-09 16:29:04][FINE] Loading datapack from: mods/Structory_1.20.x_v1.3.5.jar ...
[2024-11-09 16:29:04][FINE] Loading datapack from: bluemap/resourceExtensions.zip ...
[2024-11-09 16:29:04][FINE] Loading datapack from: bluemap/minecraft-client-1.20.4.jar ...
[2024-11-09 16:29:04][FINE] Baking datapack...
[2024-11-09 16:29:04][FINE] Datapack loaded.
[2024-11-09 16:29:04][WARNING] The level-data does not contain any dimension with the id 'minecraft:lobby', using fallback.
[2024-11-09 16:29:04][INFO] Loading map 'world_lobby'...
[2024-11-09 16:29:04][FINE] Loading render-state for map 'world_lobby'
[2024-11-09 16:29:04][FINE] Loading textures for map 'world_lobby'
[2024-11-09 16:29:04][FINE] Loading world world#minecraft:lobby/dim1 ...
[2024-11-09 16:29:04][FINE] Loading datapack...
[2024-11-09 16:29:04][FINE] Loading datapack from: mods/Terralith_1.20.x_v2.5.4.jar ...
[2024-11-09 16:29:04][FINE] Loading datapack from: mods/BlueMap-5.3-forge-1.20.jar ...
[2024-11-09 16:29:04][FINE] Loading datapack from: mods/villagernames-1.20.4-7.3.jar ...
[2024-11-09 16:29:04][FINE] Loading datapack from: mods/Nullscape_1.20.x_v1.2.8.jar ...
[2024-11-09 16:29:04][FINE] Loading datapack from: mods/Incendium_1.20.x_v5.3.5.jar ...
[2024-11-09 16:29:04][FINE] Loading datapack from: mods/DungeonsArise-1.20.x-2.1.58-release.jar ...
[2024-11-09 16:29:04][FINE] Loading datapack from: mods/collective-1.20.4-7.64.jar ...
[2024-11-09 16:29:04][FINE] Loading datapack from: mods/DungeonsAriseSevenSeas-1.20.x-1.0.2-forge.jar ...
[2024-11-09 16:29:04][FINE] Loading datapack from: mods/mes-1.3.1-1.20-forge.jar ...
[2024-11-09 16:29:04][FINE] Loading datapack from: mods/justmobheads-1.20.4-7.8.jar ...
[2024-11-09 16:29:04][FINE] Loading datapack from: mods/Structory_1.20.x_v1.3.5.jar ...
[2024-11-09 16:29:04][FINE] Loading datapack from: bluemap/resourceExtensions.zip ...
[2024-11-09 16:29:04][FINE] Loading datapack from: bluemap/minecraft-client-1.20.4.jar ...
[2024-11-09 16:29:04][FINE] Baking datapack...
[2024-11-09 16:29:04][FINE] Datapack loaded.
[2024-11-09 16:29:04][WARNING] The level-data does not contain any dimension with the id 'minecraft:lobby/dim1', using fallback.
[2024-11-09 16:29:04][INFO] Loading map 'world_lobby_dim1'...
[2024-11-09 16:29:04][FINE] Loading render-state for map 'world_lobby_dim1'
[2024-11-09 16:29:04][FINE] Loading textures for map 'world_lobby_dim1'
[2024-11-09 16:29:05][INFO] WebServer bound to all network interfaces on port 8100
[2024-11-09 16:29:05][INFO] WebServer started.
[2024-11-09 16:29:05][FINE] Started watching map 'world_village' for updates...
[2024-11-09 16:29:05][FINE] Started watching map 'world' for updates...
[2024-11-09 16:29:05][FINE] Started watching map 'world_the_end' for updates...
[2024-11-09 16:29:05][FINE] Started watching map 'world_lobby_dim_1' for updates...
[2024-11-09 16:29:05][FINE] Started watching map 'world_the_nether' for updates...
[2024-11-09 16:29:05][FINE] Started watching map 'world_lobby' for updates...
[2024-11-09 16:29:05][FINE] Started watching map 'world_lobby_dim1' for updates...
[2024-11-09 16:29:05][INFO] Loaded!
[2024-11-09 16:29:30][FINE] Failed to load skin from mojang for player: '30f02e61-ec22-32e1-a7f0-b484963c3759' - java.io.IOException: java.lang.IllegalStateException: Not a JSON Object: null
[2024-11-09 16:29:30][FINE] No player-skin provided for UUID: 30f02e61-ec22-32e1-a7f0-b484963c3759
[2024-11-09 16:29:42][FINE] Scheduled update for region-file: (0, -1) (Map: world)
[2024-11-09 16:30:04][FINE] Scheduled update for region-file: (-2, 0) (Map: world_the_nether)
[2024-11-09 16:30:04][FINE] Scheduled update for region-file: (-1, -1) (Map: world_the_nether)
[2024-11-09 16:30:04][FINE] Scheduled update for region-file: (-2, -1) (Map: world_the_nether)
[2024-11-09 16:30:04][FINE] Scheduled update for region-file: (-1, 0) (Map: world_the_nether)
[2024-11-09 16:30:27][FINE] Scheduled update for region-file: (1, -2) (Map: world)
[2024-11-09 16:30:27][FINE] Scheduled update for region-file: (-1, -2) (Map: world)
[2024-11-09 16:30:27][FINE] Scheduled update for region-file: (0, -2) (Map: world)
[2024-11-09 16:30:39][FINE] Scheduled update for region-file: (1, -1) (Map: world)
[2024-11-09 16:30:39][FINE] Scheduled update for region-file: (1, -2) (Map: world)
[2024-11-09 16:30:55][FINE] Scheduled update for region-file: (0, -1) (Map: world)
[2024-11-09 16:31:02][FINE] Scheduled update for region-file: (0, 0) (Map: world)
[2024-11-09 16:31:02][FINE] Scheduled update for region-file: (-1, -1) (Map: world_the_nether)
[2024-11-09 16:31:33][FINE] Scheduled update for region-file: (1, -1) (Map: world)
[2024-11-09 16:31:33][FINE] Scheduled update for region-file: (1, -2) (Map: world)
[2024-11-09 16:31:33][FINE] Scheduled update for region-file: (-1, -2) (Map: world)
[2024-11-09 16:31:33][FINE] Scheduled update for region-file: (-1, -1) (Map: world)
[2024-11-09 16:31:33][FINE] Scheduled update for region-file: (0, -2) (Map: world)
[2024-11-09 16:31:43][FINE] Scheduled update for region-file: (0, -1) (Map: world)
[2024-11-09 16:31:56][FINE] Scheduled update for region-file: (-1, 2) (Map: world_the_nether)
[2024-11-09 16:31:56][FINE] Scheduled update for region-file: (0, 2) (Map: world_the_nether)
[2024-11-09 16:31:56][FINE] Scheduled update for region-file: (0, 1) (Map: world_the_nether)
[2024-11-09 16:31:56][FINE] Scheduled update for region-file: (-1, 1) (Map: world_the_nether)
[2024-11-09 16:32:49][FINE] Scheduled update for region-file: (1, 1) (Map: world_the_nether)
[2024-11-09 16:32:49][FINE] Scheduled update for region-file: (0, 1) (Map: world_the_nether)
[2024-11-09 16:33:44][FINE] Scheduled update for region-file: (-2, 1) (Map: world_the_nether)
[2024-11-09 16:33:44][FINE] Scheduled update for region-file: (-2, 2) (Map: world_the_nether)
[2024-11-09 16:34:44][FINE] Scheduled update for region-file: (-1, -1) (Map: world_the_nether)
[2024-11-09 16:35:41][FINE] Scheduled update for region-file: (1, 0) (Map: world_the_nether)
[2024-11-09 16:35:41][FINE] Scheduled update for region-file: (1, 1) (Map: world_the_nether)
[2024-11-09 16:36:37][FINE] Scheduled update for region-file: (1, 2) (Map: world_the_nether)
[2024-11-09 16:36:38][FINE] Scheduled update for region-file: (2, 2) (Map: world_the_nether)
[2024-11-09 16:36:38][FINE] Scheduled update for region-file: (2, 1) (Map: world_the_nether)
[2024-11-09 16:36:38][FINE] Scheduled update for region-file: (1, 1) (Map: world_the_nether)
[2024-11-09 16:37:32][FINE] Scheduled update for region-file: (0, -1) (Map: world_the_nether)
[2024-11-09 16:38:29][FINE] Scheduled update for region-file: (-2, -2) (Map: world_the_nether)
[2024-11-09 16:38:29][FINE] Scheduled update for region-file: (-1, -2) (Map: world_the_nether)
[2024-11-09 16:38:29][FINE] Scheduled update for region-file: (-1, -3) (Map: world_the_nether)
[2024-11-09 16:38:29][FINE] Scheduled update for region-file: (-2, -3) (Map: world_the_nether)
[2024-11-09 16:39:26][FINE] Scheduled update for region-file: (1, 0) (Map: world_the_nether)
[2024-11-09 16:39:26][FINE] Scheduled update for region-file: (1, 1) (Map: world_the_nether)
[2024-11-09 16:39:26][FINE] Scheduled update for region-file: (0, 0) (Map: world_the_nether)
[2024-11-09 16:39:26][FINE] Scheduled update for region-file: (0, 1) (Map: world_the_nether)
[2024-11-09 16:40:21][FINE] Scheduled update for region-file: (0, 1) (Map: world_the_nether)
[2024-11-09 16:40:21][FINE] Scheduled update for region-file: (1, 1) (Map: world_the_nether)
[2024-11-09 16:41:16][FINE] Scheduled update for region-file: (-1, -2) (Map: world_the_nether)
[2024-11-09 16:41:16][FINE] Scheduled update for region-file: (0, -2) (Map: world_the_nether)
[2024-11-09 16:41:32][FINE] Stopped watching map 'world' for updates.
[2024-11-09 16:41:32][FINE] Stopped watching map 'world_the_end' for updates.
[2024-11-09 16:41:32][FINE] Stopped watching map 'world_lobby_dim_1' for updates.
[2024-11-09 16:41:32][FINE] Stopped watching map 'world_village' for updates.
[2024-11-09 16:41:32][FINE] Stopped watching map 'world_lobby_dim1' for updates.
[2024-11-09 16:41:32][FINE] Stopped watching map 'world_lobby' for updates.
[2024-11-09 16:41:32][FINE] Stopped watching map 'world_the_nether' for updates.
